[0.009s] Invoking command in '/home/ros2/ros2_ws/build/smart_car': CMAKE_PREFIX_PATH=${CMAKE_PREFIX_PATH}:/opt/ros/humble /usr/bin/cmake --build /home/ros2/ros2_ws/build/smart_car -- -j8 -l8
[0.061s] Built target ament_cmake_python_copy_smart_car
[0.259s] running egg_info
[0.259s] writing smart_car.egg-info/PKG-INFO
[0.260s] writing dependency_links to smart_car.egg-info/dependency_links.txt
[0.260s] writing top-level names to smart_car.egg-info/top_level.txt
[0.261s] reading manifest file 'smart_car.egg-info/SOURCES.txt'
[0.262s] writing manifest file 'smart_car.egg-info/SOURCES.txt'
[0.284s] Built target ament_cmake_python_build_smart_car_egg
[0.292s] Invoked command in '/home/ros2/ros2_ws/build/smart_car' returned '0': CMAKE_PREFIX_PATH=${CMAKE_PREFIX_PATH}:/opt/ros/humble /usr/bin/cmake --build /home/ros2/ros2_ws/build/smart_car -- -j8 -l8
[0.322s] Invoking command in '/home/ros2/ros2_ws/build/smart_car': CMAKE_PREFIX_PATH=${CMAKE_PREFIX_PATH}:/opt/ros/humble /usr/bin/cmake --install /home/ros2/ros2_ws/build/smart_car
[0.329s] -- Install configuration: ""
[0.329s] -- Up-to-date: /home/ros2/ros2_ws/install/smart_car/share/smart_car/urdf
[0.329s] -- Up-to-date: /home/ros2/ros2_ws/install/smart_car/share/smart_car/urdf/smartcar.urdf.xacro
[0.329s] -- Up-to-date: /home/ros2/ros2_ws/install/smart_car/share/smart_car/urdf/smartcar.urdf
[0.329s] -- Up-to-date: /home/ros2/ros2_ws/install/smart_car/share/smart_car/launch
[0.329s] -- Up-to-date: /home/ros2/ros2_ws/install/smart_car/share/smart_car/launch/gazebo.launch.py
[0.329s] -- Up-to-date: /home/ros2/ros2_ws/install/smart_car/share/smart_car/launch/display.launch.py
[0.329s] -- Installing: /home/ros2/ros2_ws/install/smart_car/share/smart_car/world
[0.329s] [31mCMake Error at cmake_install.cmake:46 (file):
[0.329s]   file INSTALL cannot find "/home/ros2/ros2_ws/src/smart_car/config": No such
[0.329s]   file or directory.
[0.330s] 
[0.330s] [0m
[0.331s] Invoked command in '/home/ros2/ros2_ws/build/smart_car' returned '1': CMAKE_PREFIX_PATH=${CMAKE_PREFIX_PATH}:/opt/ros/humble /usr/bin/cmake --install /home/ros2/ros2_ws/build/smart_car
