[0.122s] DEBUG:colcon:Command line arguments: ['/usr/bin/colcon', 'build']
[0.122s] DEBUG:colcon:Parsed command line arguments: Namespace(log_base=None, log_level=None, verb_name='build', build_base='build', install_base='install', merge_install=False, symlink_install=False, test_result_base=None, continue_on_error=False, executor='parallel', parallel_workers=8, event_handlers=None, ignore_user_meta=False, metas=['./colcon.meta'], base_paths=['.'], packages_ignore=None, packages_ignore_regex=None, paths=None, packages_up_to=None, packages_up_to_regex=None, packages_above=None, packages_above_and_dependencies=None, packages_above_depth=None, packages_select_by_dep=None, packages_skip_by_dep=None, packages_skip_up_to=None, packages_select_build_failed=False, packages_skip_build_finished=False, packages_select_test_failures=False, packages_skip_test_passed=False, packages_select=None, packages_skip=None, packages_select_regex=None, packages_skip_regex=None, packages_start=None, packages_end=None, allow_overriding=[], cmake_args=None, cmake_target=None, cmake_target_skip_unavailable=False, cmake_clean_cache=False, cmake_clean_first=False, cmake_force_configure=False, ament_cmake_args=None, catkin_cmake_args=None, catkin_skip_building_tests=False, mixin_files=None, mixin=None, verb_parser=<colcon_mixin.mixin.mixin_argument.MixinArgumentDecorator object at 0x748bf365c550>, verb_extension=<colcon_core.verb.build.BuildVerb object at 0x748bf362ffa0>, main=<bound method BuildVerb.main of <colcon_core.verb.build.BuildVerb object at 0x748bf362ffa0>>, mixin_verb=('build',))
[0.291s] Level 1:colcon.colcon_core.package_discovery:discover_packages(colcon_meta) check parameters
[0.291s] Level 1:colcon.colcon_core.package_discovery:discover_packages(recursive) check parameters
[0.291s] Level 1:colcon.colcon_core.package_discovery:discover_packages(ignore) check parameters
[0.291s] Level 1:colcon.colcon_core.package_discovery:discover_packages(path) check parameters
[0.291s] Level 1:colcon.colcon_core.package_discovery:discover_packages(colcon_meta) discover
[0.291s] Level 1:colcon.colcon_core.package_discovery:discover_packages(recursive) discover
[0.291s] INFO:colcon.colcon_core.package_discovery:Crawling recursively for packages in '/home/ros2/ros2_ws'
[0.291s] Level 1:colcon.colcon_core.package_identification:_identify(.) by extensions ['ignore', 'ignore_ament_install']
[0.292s] Level 1:colcon.colcon_core.package_identification:_identify(.) by extension 'ignore'
[0.292s] Level 1:colcon.colcon_core.package_identification:_identify(.) by extension 'ignore_ament_install'
[0.292s] Level 1:colcon.colcon_core.package_identification:_identify(.) by extensions ['colcon_pkg']
[0.293s] Level 1:colcon.colcon_core.package_identification:_identify(.) by extension 'colcon_pkg'
[0.293s] Level 1:colcon.colcon_core.package_identification:_identify(.) by extensions ['colcon_meta']
[0.293s] Level 1:colcon.colcon_core.package_identification:_identify(.) by extension 'colcon_meta'
[0.293s] Level 1:colcon.colcon_core.package_identification:_identify(.) by extensions ['ros']
[0.293s] Level 1:colcon.colcon_core.package_identification:_identify(.) by extension 'ros'
[0.309s] Level 1:colcon.colcon_core.package_identification:_identify(.) by extensions ['cmake', 'python']
[0.309s] Level 1:colcon.colcon_core.package_identification:_identify(.) by extension 'cmake'
[0.309s] Level 1:colcon.colcon_core.package_identification:_identify(.) by extension 'python'
[0.309s] Level 1:colcon.colcon_core.package_identification:_identify(.) by extensions ['python_setup_py']
[0.309s] Level 1:colcon.colcon_core.package_identification:_identify(.) by extension 'python_setup_py'
[0.310s] Level 1:colcon.colcon_core.package_identification:_identify(build) by extensions ['ignore', 'ignore_ament_install']
[0.310s] Level 1:colcon.colcon_core.package_identification:_identify(build) by extension 'ignore'
[0.310s] Level 1:colcon.colcon_core.package_identification:_identify(build) ignored
[0.310s] Level 1:colcon.colcon_core.package_identification:_identify(install) by extensions ['ignore', 'ignore_ament_install']
[0.310s] Level 1:colcon.colcon_core.package_identification:_identify(install) by extension 'ignore'
[0.311s] Level 1:colcon.colcon_core.package_identification:_identify(install) ignored
[0.311s] Level 1:colcon.colcon_core.package_identification:_identify(log) by extensions ['ignore', 'ignore_ament_install']
[0.311s] Level 1:colcon.colcon_core.package_identification:_identify(log) by extension 'ignore'
[0.311s] Level 1:colcon.colcon_core.package_identification:_identify(log) ignored
[0.311s] Level 1:colcon.colcon_core.package_identification:_identify(src) by extensions ['ignore', 'ignore_ament_install']
[0.312s] Level 1:colcon.colcon_core.package_identification:_identify(src) by extension 'ignore'
[0.312s] Level 1:colcon.colcon_core.package_identification:_identify(src) by extension 'ignore_ament_install'
[0.312s] Level 1:colcon.colcon_core.package_identification:_identify(src) by extensions ['colcon_pkg']
[0.312s] Level 1:colcon.colcon_core.package_identification:_identify(src) by extension 'colcon_pkg'
[0.312s] Level 1:colcon.colcon_core.package_identification:_identify(src) by extensions ['colcon_meta']
[0.312s] Level 1:colcon.colcon_core.package_identification:_identify(src) by extension 'colcon_meta'
[0.312s] Level 1:colcon.colcon_core.package_identification:_identify(src) by extensions ['ros']
[0.312s] Level 1:colcon.colcon_core.package_identification:_identify(src) by extension 'ros'
[0.312s] Level 1:colcon.colcon_core.package_identification:_identify(src) by extensions ['cmake', 'python']
[0.312s] Level 1:colcon.colcon_core.package_identification:_identify(src) by extension 'cmake'
[0.312s] Level 1:colcon.colcon_core.package_identification:_identify(src) by extension 'python'
[0.312s] Level 1:colcon.colcon_core.package_identification:_identify(src) by extensions ['python_setup_py']
[0.312s] Level 1:colcon.colcon_core.package_identification:_identify(src) by extension 'python_setup_py'
[0.312s] Level 1:colcon.colcon_core.package_identification:_identify(src/smart_car) by extensions ['ignore', 'ignore_ament_install']
[0.312s] Level 1:colcon.colcon_core.package_identification:_identify(src/smart_car) by extension 'ignore'
[0.312s] Level 1:colcon.colcon_core.package_identification:_identify(src/smart_car) by extension 'ignore_ament_install'
[0.312s] Level 1:colcon.colcon_core.package_identification:_identify(src/smart_car) by extensions ['colcon_pkg']
[0.312s] Level 1:colcon.colcon_core.package_identification:_identify(src/smart_car) by extension 'colcon_pkg'
[0.312s] Level 1:colcon.colcon_core.package_identification:_identify(src/smart_car) by extensions ['colcon_meta']
[0.312s] Level 1:colcon.colcon_core.package_identification:_identify(src/smart_car) by extension 'colcon_meta'
[0.312s] Level 1:colcon.colcon_core.package_identification:_identify(src/smart_car) by extensions ['ros']
[0.312s] Level 1:colcon.colcon_core.package_identification:_identify(src/smart_car) by extension 'ros'
[0.315s] DEBUG:colcon.colcon_core.package_identification:Package 'src/smart_car' with type 'ros.ament_cmake' and name 'smart_car'
[0.315s] Level 1:colcon.colcon_core.package_identification:_identify(src/smartcar_msgs) by extensions ['ignore', 'ignore_ament_install']
[0.315s] Level 1:colcon.colcon_core.package_identification:_identify(src/smartcar_msgs) by extension 'ignore'
[0.316s] Level 1:colcon.colcon_core.package_identification:_identify(src/smartcar_msgs) by extension 'ignore_ament_install'
[0.316s] Level 1:colcon.colcon_core.package_identification:_identify(src/smartcar_msgs) by extensions ['colcon_pkg']
[0.316s] Level 1:colcon.colcon_core.package_identification:_identify(src/smartcar_msgs) by extension 'colcon_pkg'
[0.316s] Level 1:colcon.colcon_core.package_identification:_identify(src/smartcar_msgs) by extensions ['colcon_meta']
[0.316s] Level 1:colcon.colcon_core.package_identification:_identify(src/smartcar_msgs) by extension 'colcon_meta'
[0.316s] Level 1:colcon.colcon_core.package_identification:_identify(src/smartcar_msgs) by extensions ['ros']
[0.316s] Level 1:colcon.colcon_core.package_identification:_identify(src/smartcar_msgs) by extension 'ros'
[0.317s] DEBUG:colcon.colcon_core.package_identification:Package 'src/smartcar_msgs' with type 'ros.ament_cmake' and name 'smartcar_msgs'
[0.317s] Level 1:colcon.colcon_core.package_discovery:discover_packages(recursive) using defaults
[0.317s] Level 1:colcon.colcon_core.package_discovery:discover_packages(ignore) discover
[0.317s] Level 1:colcon.colcon_core.package_discovery:discover_packages(ignore) using defaults
[0.317s] Level 1:colcon.colcon_core.package_discovery:discover_packages(path) discover
[0.317s] Level 1:colcon.colcon_core.package_discovery:discover_packages(path) using defaults
[0.348s] Level 1:colcon.colcon_core.package_discovery:discover_packages(prefix_path) check parameters
[0.348s] Level 1:colcon.colcon_core.package_discovery:discover_packages(prefix_path) discover
[0.349s] DEBUG:colcon.colcon_installed_package_information.package_discovery:Found 2 installed packages in /home/ros2/ros2_ws/install
[0.350s] DEBUG:colcon.colcon_installed_package_information.package_discovery:Found 367 installed packages in /opt/ros/humble
[0.352s] Level 1:colcon.colcon_core.package_discovery:discover_packages(prefix_path) using defaults
[0.385s] Level 5:colcon.colcon_core.verb:set package 'smart_car' build argument 'cmake_args' from command line to 'None'
[0.385s] Level 5:colcon.colcon_core.verb:set package 'smart_car' build argument 'cmake_target' from command line to 'None'
[0.385s] Level 5:colcon.colcon_core.verb:set package 'smart_car' build argument 'cmake_target_skip_unavailable' from command line to 'False'
[0.385s] Level 5:colcon.colcon_core.verb:set package 'smart_car' build argument 'cmake_clean_cache' from command line to 'False'
[0.385s] Level 5:colcon.colcon_core.verb:set package 'smart_car' build argument 'cmake_clean_first' from command line to 'False'
[0.385s] Level 5:colcon.colcon_core.verb:set package 'smart_car' build argument 'cmake_force_configure' from command line to 'False'
[0.385s] Level 5:colcon.colcon_core.verb:set package 'smart_car' build argument 'ament_cmake_args' from command line to 'None'
[0.385s] Level 5:colcon.colcon_core.verb:set package 'smart_car' build argument 'catkin_cmake_args' from command line to 'None'
[0.385s] Level 5:colcon.colcon_core.verb:set package 'smart_car' build argument 'catkin_skip_building_tests' from command line to 'False'
[0.385s] DEBUG:colcon.colcon_core.verb:Building package 'smart_car' with the following arguments: {'ament_cmake_args': None, 'build_base': '/home/ros2/ros2_ws/build/smart_car', 'catkin_cmake_args': None, 'catkin_skip_building_tests': False, 'cmake_args': None, 'cmake_clean_cache': False, 'cmake_clean_first': False, 'cmake_force_configure': False, 'cmake_target': None, 'cmake_target_skip_unavailable': False, 'install_base': '/home/ros2/ros2_ws/install/smart_car', 'merge_install': False, 'path': '/home/ros2/ros2_ws/src/smart_car', 'symlink_install': False, 'test_result_base': None}
[0.385s] Level 5:colcon.colcon_core.verb:set package 'smartcar_msgs' build argument 'cmake_args' from command line to 'None'
[0.385s] Level 5:colcon.colcon_core.verb:set package 'smartcar_msgs' build argument 'cmake_target' from command line to 'None'
[0.385s] Level 5:colcon.colcon_core.verb:set package 'smartcar_msgs' build argument 'cmake_target_skip_unavailable' from command line to 'False'
[0.385s] Level 5:colcon.colcon_core.verb:set package 'smartcar_msgs' build argument 'cmake_clean_cache' from command line to 'False'
[0.385s] Level 5:colcon.colcon_core.verb:set package 'smartcar_msgs' build argument 'cmake_clean_first' from command line to 'False'
[0.385s] Level 5:colcon.colcon_core.verb:set package 'smartcar_msgs' build argument 'cmake_force_configure' from command line to 'False'
[0.385s] Level 5:colcon.colcon_core.verb:set package 'smartcar_msgs' build argument 'ament_cmake_args' from command line to 'None'
[0.385s] Level 5:colcon.colcon_core.verb:set package 'smartcar_msgs' build argument 'catkin_cmake_args' from command line to 'None'
[0.385s] Level 5:colcon.colcon_core.verb:set package 'smartcar_msgs' build argument 'catkin_skip_building_tests' from command line to 'False'
[0.385s] DEBUG:colcon.colcon_core.verb:Building package 'smartcar_msgs' with the following arguments: {'ament_cmake_args': None, 'build_base': '/home/ros2/ros2_ws/build/smartcar_msgs', 'catkin_cmake_args': None, 'catkin_skip_building_tests': False, 'cmake_args': None, 'cmake_clean_cache': False, 'cmake_clean_first': False, 'cmake_force_configure': False, 'cmake_target': None, 'cmake_target_skip_unavailable': False, 'install_base': '/home/ros2/ros2_ws/install/smartcar_msgs', 'merge_install': False, 'path': '/home/ros2/ros2_ws/src/smartcar_msgs', 'symlink_install': False, 'test_result_base': None}
[0.386s] INFO:colcon.colcon_core.executor:Executing jobs using 'parallel' executor
[0.386s] DEBUG:colcon.colcon_parallel_executor.executor.parallel:run_until_complete
[0.387s] INFO:colcon.colcon_ros.task.ament_cmake.build:Building ROS package in '/home/ros2/ros2_ws/src/smart_car' with build type 'ament_cmake'
[0.387s] INFO:colcon.colcon_cmake.task.cmake.build:Building CMake package in '/home/ros2/ros2_ws/src/smart_car'
[0.388s] INFO:colcon.colcon_core.plugin_system:Skipping extension 'colcon_core.shell.bat': Not used on non-Windows systems
[0.389s] INFO:colcon.colcon_core.shell:Skip shell extension 'powershell' for command environment: Not usable outside of PowerShell
[0.389s] DEBUG:colcon.colcon_core.shell:Skip shell extension 'dsv' for command environment
[0.392s] INFO:colcon.colcon_ros.task.ament_cmake.build:Building ROS package in '/home/ros2/ros2_ws/src/smartcar_msgs' with build type 'ament_cmake'
[0.392s] INFO:colcon.colcon_cmake.task.cmake.build:Building CMake package in '/home/ros2/ros2_ws/src/smartcar_msgs'
[0.392s] INFO:colcon.colcon_core.shell:Skip shell extension 'powershell' for command environment: Not usable outside of PowerShell
[0.392s] DEBUG:colcon.colcon_core.shell:Skip shell extension 'dsv' for command environment
[0.402s] DEBUG:colcon.colcon_core.event_handler.log_command:Invoking command in '/home/ros2/ros2_ws/build/smart_car': CMAKE_PREFIX_PATH=${CMAKE_PREFIX_PATH}:/opt/ros/humble /usr/bin/cmake --build /home/ros2/ros2_ws/build/smart_car -- -j8 -l8
[0.406s] DEBUG:colcon.colcon_core.event_handler.log_command:Invoking command in '/home/ros2/ros2_ws/build/smartcar_msgs': CMAKE_PREFIX_PATH=${CMAKE_PREFIX_PATH}:/opt/ros/humble /usr/bin/cmake --build /home/ros2/ros2_ws/build/smartcar_msgs -- -j8 -l8
[0.769s] DEBUG:colcon.colcon_core.event_handler.log_command:Invoked command in '/home/ros2/ros2_ws/build/smartcar_msgs' returned '0': CMAKE_PREFIX_PATH=${CMAKE_PREFIX_PATH}:/opt/ros/humble /usr/bin/cmake --build /home/ros2/ros2_ws/build/smartcar_msgs -- -j8 -l8
[0.778s] DEBUG:colcon.colcon_core.event_handler.log_command:Invoked command in '/home/ros2/ros2_ws/build/smart_car' returned '0': CMAKE_PREFIX_PATH=${CMAKE_PREFIX_PATH}:/opt/ros/humble /usr/bin/cmake --build /home/ros2/ros2_ws/build/smart_car -- -j8 -l8
[0.808s] DEBUG:colcon.colcon_core.event_handler.log_command:Invoking command in '/home/ros2/ros2_ws/build/smart_car': CMAKE_PREFIX_PATH=${CMAKE_PREFIX_PATH}:/opt/ros/humble /usr/bin/cmake --install /home/ros2/ros2_ws/build/smart_car
[0.827s] DEBUG:colcon.colcon_core.event_handler.log_command:Invoking command in '/home/ros2/ros2_ws/build/smartcar_msgs': CMAKE_PREFIX_PATH=${CMAKE_PREFIX_PATH}:/opt/ros/humble /usr/bin/cmake --install /home/ros2/ros2_ws/build/smartcar_msgs
[0.857s] Level 1:colcon.colcon_core.environment:create_environment_scripts_only(smart_car)
[0.859s] Level 1:colcon.colcon_core.environment:checking '/home/ros2/ros2_ws/install/smart_car' for CMake module files
[0.860s] DEBUG:colcon.colcon_core.event_handler.log_command:Invoked command in '/home/ros2/ros2_ws/build/smart_car' returned '0': CMAKE_PREFIX_PATH=${CMAKE_PREFIX_PATH}:/opt/ros/humble /usr/bin/cmake --install /home/ros2/ros2_ws/build/smart_car
[0.860s] Level 1:colcon.colcon_core.environment:checking '/home/ros2/ros2_ws/install/smart_car' for CMake config files
[0.860s] Level 1:colcon.colcon_core.shell:create_environment_hook('smart_car', 'cmake_prefix_path')
[0.861s] INFO:colcon.colcon_core.shell:Creating environment hook '/home/ros2/ros2_ws/install/smart_car/share/smart_car/hook/cmake_prefix_path.ps1'
[0.861s] INFO:colcon.colcon_core.shell:Creating environment descriptor '/home/ros2/ros2_ws/install/smart_car/share/smart_car/hook/cmake_prefix_path.dsv'
[0.862s] INFO:colcon.colcon_core.shell:Creating environment hook '/home/ros2/ros2_ws/install/smart_car/share/smart_car/hook/cmake_prefix_path.sh'
[0.863s] Level 1:colcon.colcon_core.environment:checking '/home/ros2/ros2_ws/install/smart_car/lib'
[0.863s] Level 1:colcon.colcon_core.environment:checking '/home/ros2/ros2_ws/install/smart_car/bin'
[0.863s] Level 1:colcon.colcon_core.environment:checking '/home/ros2/ros2_ws/install/smart_car/lib/pkgconfig/smart_car.pc'
[0.863s] Level 1:colcon.colcon_core.environment:checking '/home/ros2/ros2_ws/install/smart_car/lib/python3.10/site-packages'
[0.863s] Level 1:colcon.colcon_core.environment:checking '/home/ros2/ros2_ws/install/smart_car/bin'
[0.863s] INFO:colcon.colcon_core.shell:Creating package script '/home/ros2/ros2_ws/install/smart_car/share/smart_car/package.ps1'
[0.868s] INFO:colcon.colcon_core.shell:Creating package descriptor '/home/ros2/ros2_ws/install/smart_car/share/smart_car/package.dsv'
[0.869s] INFO:colcon.colcon_core.shell:Creating package script '/home/ros2/ros2_ws/install/smart_car/share/smart_car/package.sh'
[0.870s] INFO:colcon.colcon_core.shell:Creating package script '/home/ros2/ros2_ws/install/smart_car/share/smart_car/package.bash'
[0.870s] INFO:colcon.colcon_core.shell:Creating package script '/home/ros2/ros2_ws/install/smart_car/share/smart_car/package.zsh'
[0.871s] Level 1:colcon.colcon_core.environment:create_file_with_runtime_dependencies(/home/ros2/ros2_ws/install/smart_car/share/colcon-core/packages/smart_car)
[0.883s] Level 1:colcon.colcon_core.environment:create_environment_scripts_only(smartcar_msgs)
[0.883s] Level 1:colcon.colcon_core.environment:checking '/home/ros2/ros2_ws/install/smartcar_msgs' for CMake module files
[0.884s] DEBUG:colcon.colcon_core.event_handler.log_command:Invoked command in '/home/ros2/ros2_ws/build/smartcar_msgs' returned '0': CMAKE_PREFIX_PATH=${CMAKE_PREFIX_PATH}:/opt/ros/humble /usr/bin/cmake --install /home/ros2/ros2_ws/build/smartcar_msgs
[0.884s] Level 1:colcon.colcon_core.environment:checking '/home/ros2/ros2_ws/install/smartcar_msgs' for CMake config files
[0.884s] Level 1:colcon.colcon_core.shell:create_environment_hook('smartcar_msgs', 'cmake_prefix_path')
[0.884s] INFO:colcon.colcon_core.shell:Creating environment hook '/home/ros2/ros2_ws/install/smartcar_msgs/share/smartcar_msgs/hook/cmake_prefix_path.ps1'
[0.885s] INFO:colcon.colcon_core.shell:Creating environment descriptor '/home/ros2/ros2_ws/install/smartcar_msgs/share/smartcar_msgs/hook/cmake_prefix_path.dsv'
[0.885s] INFO:colcon.colcon_core.shell:Creating environment hook '/home/ros2/ros2_ws/install/smartcar_msgs/share/smartcar_msgs/hook/cmake_prefix_path.sh'
[0.886s] Level 1:colcon.colcon_core.environment:checking '/home/ros2/ros2_ws/install/smartcar_msgs/lib'
[0.886s] Level 1:colcon.colcon_core.shell:create_environment_hook('smartcar_msgs', 'ld_library_path_lib')
[0.886s] INFO:colcon.colcon_core.shell:Creating environment hook '/home/ros2/ros2_ws/install/smartcar_msgs/share/smartcar_msgs/hook/ld_library_path_lib.ps1'
[0.886s] INFO:colcon.colcon_core.shell:Creating environment descriptor '/home/ros2/ros2_ws/install/smartcar_msgs/share/smartcar_msgs/hook/ld_library_path_lib.dsv'
[0.887s] INFO:colcon.colcon_core.shell:Creating environment hook '/home/ros2/ros2_ws/install/smartcar_msgs/share/smartcar_msgs/hook/ld_library_path_lib.sh'
[0.887s] Level 1:colcon.colcon_core.environment:checking '/home/ros2/ros2_ws/install/smartcar_msgs/bin'
[0.887s] Level 1:colcon.colcon_core.environment:checking '/home/ros2/ros2_ws/install/smartcar_msgs/lib/pkgconfig/smartcar_msgs.pc'
[0.887s] Level 1:colcon.colcon_core.environment:checking '/home/ros2/ros2_ws/install/smartcar_msgs/lib/python3.10/site-packages'
[0.887s] Level 1:colcon.colcon_core.environment:checking '/home/ros2/ros2_ws/install/smartcar_msgs/bin'
[0.888s] INFO:colcon.colcon_core.shell:Creating package script '/home/ros2/ros2_ws/install/smartcar_msgs/share/smartcar_msgs/package.ps1'
[0.888s] INFO:colcon.colcon_core.shell:Creating package descriptor '/home/ros2/ros2_ws/install/smartcar_msgs/share/smartcar_msgs/package.dsv'
[0.888s] INFO:colcon.colcon_core.shell:Creating package script '/home/ros2/ros2_ws/install/smartcar_msgs/share/smartcar_msgs/package.sh'
[0.889s] INFO:colcon.colcon_core.shell:Creating package script '/home/ros2/ros2_ws/install/smartcar_msgs/share/smartcar_msgs/package.bash'
[0.889s] INFO:colcon.colcon_core.shell:Creating package script '/home/ros2/ros2_ws/install/smartcar_msgs/share/smartcar_msgs/package.zsh'
[0.889s] Level 1:colcon.colcon_core.environment:create_file_with_runtime_dependencies(/home/ros2/ros2_ws/install/smartcar_msgs/share/colcon-core/packages/smartcar_msgs)
[0.891s] Level 1:colcon.colcon_core.environment:create_environment_scripts_only(smart_car)
[0.892s] Level 1:colcon.colcon_core.environment:checking '/home/ros2/ros2_ws/install/smart_car' for CMake module files
[0.892s] Level 1:colcon.colcon_core.environment:checking '/home/ros2/ros2_ws/install/smart_car' for CMake config files
[0.892s] Level 1:colcon.colcon_core.shell:create_environment_hook('smart_car', 'cmake_prefix_path')
[0.893s] INFO:colcon.colcon_core.shell:Creating environment hook '/home/ros2/ros2_ws/install/smart_car/share/smart_car/hook/cmake_prefix_path.ps1'
[0.893s] INFO:colcon.colcon_core.shell:Creating environment descriptor '/home/ros2/ros2_ws/install/smart_car/share/smart_car/hook/cmake_prefix_path.dsv'
[0.893s] INFO:colcon.colcon_core.shell:Creating environment hook '/home/ros2/ros2_ws/install/smart_car/share/smart_car/hook/cmake_prefix_path.sh'
[0.894s] Level 1:colcon.colcon_core.environment:checking '/home/ros2/ros2_ws/install/smart_car/lib'
[0.894s] Level 1:colcon.colcon_core.environment:checking '/home/ros2/ros2_ws/install/smart_car/bin'
[0.894s] Level 1:colcon.colcon_core.environment:checking '/home/ros2/ros2_ws/install/smart_car/lib/pkgconfig/smart_car.pc'
[0.894s] Level 1:colcon.colcon_core.environment:checking '/home/ros2/ros2_ws/install/smart_car/lib/python3.10/site-packages'
[0.894s] Level 1:colcon.colcon_core.environment:checking '/home/ros2/ros2_ws/install/smart_car/bin'
[0.895s] INFO:colcon.colcon_core.shell:Creating package script '/home/ros2/ros2_ws/install/smart_car/share/smart_car/package.ps1'
[0.895s] INFO:colcon.colcon_core.shell:Creating package descriptor '/home/ros2/ros2_ws/install/smart_car/share/smart_car/package.dsv'
[0.896s] INFO:colcon.colcon_core.shell:Creating package script '/home/ros2/ros2_ws/install/smart_car/share/smart_car/package.sh'
[0.896s] INFO:colcon.colcon_core.shell:Creating package script '/home/ros2/ros2_ws/install/smart_car/share/smart_car/package.bash'
[0.896s] INFO:colcon.colcon_core.shell:Creating package script '/home/ros2/ros2_ws/install/smart_car/share/smart_car/package.zsh'
[0.897s] Level 1:colcon.colcon_core.environment:create_file_with_runtime_dependencies(/home/ros2/ros2_ws/install/smart_car/share/colcon-core/packages/smart_car)
[0.948s] Level 1:colcon.colcon_core.environment:create_environment_scripts_only(smartcar_msgs)
[0.949s] Level 1:colcon.colcon_core.environment:checking '/home/ros2/ros2_ws/install/smartcar_msgs' for CMake module files
[0.949s] Level 1:colcon.colcon_core.environment:checking '/home/ros2/ros2_ws/install/smartcar_msgs' for CMake config files
[0.949s] Level 1:colcon.colcon_core.shell:create_environment_hook('smartcar_msgs', 'cmake_prefix_path')
[0.949s] INFO:colcon.colcon_core.shell:Creating environment hook '/home/ros2/ros2_ws/install/smartcar_msgs/share/smartcar_msgs/hook/cmake_prefix_path.ps1'
[0.950s] INFO:colcon.colcon_core.shell:Creating environment descriptor '/home/ros2/ros2_ws/install/smartcar_msgs/share/smartcar_msgs/hook/cmake_prefix_path.dsv'
[0.950s] INFO:colcon.colcon_core.shell:Creating environment hook '/home/ros2/ros2_ws/install/smartcar_msgs/share/smartcar_msgs/hook/cmake_prefix_path.sh'
[0.951s] Level 1:colcon.colcon_core.environment:checking '/home/ros2/ros2_ws/install/smartcar_msgs/lib'
[0.951s] Level 1:colcon.colcon_core.shell:create_environment_hook('smartcar_msgs', 'ld_library_path_lib')
[0.951s] INFO:colcon.colcon_core.shell:Creating environment hook '/home/ros2/ros2_ws/install/smartcar_msgs/share/smartcar_msgs/hook/ld_library_path_lib.ps1'
[0.952s] INFO:colcon.colcon_core.shell:Creating environment descriptor '/home/ros2/ros2_ws/install/smartcar_msgs/share/smartcar_msgs/hook/ld_library_path_lib.dsv'
[0.952s] INFO:colcon.colcon_core.shell:Creating environment hook '/home/ros2/ros2_ws/install/smartcar_msgs/share/smartcar_msgs/hook/ld_library_path_lib.sh'
[0.953s] Level 1:colcon.colcon_core.environment:checking '/home/ros2/ros2_ws/install/smartcar_msgs/bin'
[0.953s] Level 1:colcon.colcon_core.environment:checking '/home/ros2/ros2_ws/install/smartcar_msgs/lib/pkgconfig/smartcar_msgs.pc'
[0.953s] Level 1:colcon.colcon_core.environment:checking '/home/ros2/ros2_ws/install/smartcar_msgs/lib/python3.10/site-packages'
[0.953s] Level 1:colcon.colcon_core.environment:checking '/home/ros2/ros2_ws/install/smartcar_msgs/bin'
[0.954s] INFO:colcon.colcon_core.shell:Creating package script '/home/ros2/ros2_ws/install/smartcar_msgs/share/smartcar_msgs/package.ps1'
[0.954s] INFO:colcon.colcon_core.shell:Creating package descriptor '/home/ros2/ros2_ws/install/smartcar_msgs/share/smartcar_msgs/package.dsv'
[0.955s] INFO:colcon.colcon_core.shell:Creating package script '/home/ros2/ros2_ws/install/smartcar_msgs/share/smartcar_msgs/package.sh'
[0.955s] INFO:colcon.colcon_core.shell:Creating package script '/home/ros2/ros2_ws/install/smartcar_msgs/share/smartcar_msgs/package.bash'
[0.955s] INFO:colcon.colcon_core.shell:Creating package script '/home/ros2/ros2_ws/install/smartcar_msgs/share/smartcar_msgs/package.zsh'
[0.956s] Level 1:colcon.colcon_core.environment:create_file_with_runtime_dependencies(/home/ros2/ros2_ws/install/smartcar_msgs/share/colcon-core/packages/smartcar_msgs)
[0.956s] DEBUG:colcon.colcon_parallel_executor.executor.parallel:closing loop
[0.956s] DEBUG:colcon.colcon_parallel_executor.executor.parallel:loop closed
[0.956s] DEBUG:colcon.colcon_parallel_executor.executor.parallel:run_until_complete finished with '0'
[0.956s] DEBUG:colcon.colcon_core.event_reactor:joining thread
[0.960s] INFO:colcon.colcon_core.plugin_system:Skipping extension 'colcon_notification.desktop_notification.terminal_notifier': Not used on non-Darwin systems
[0.960s] INFO:colcon.colcon_core.plugin_system:Skipping extension 'colcon_notification.desktop_notification.win32': Not used on non-Windows systems
[0.960s] INFO:colcon.colcon_notification.desktop_notification:Sending desktop notification using 'notify2'
[0.973s] DEBUG:colcon.colcon_core.event_reactor:joined thread
[0.974s] INFO:colcon.colcon_core.shell:Creating prefix script '/home/ros2/ros2_ws/install/local_setup.ps1'
[0.975s] INFO:colcon.colcon_core.shell:Creating prefix util module '/home/ros2/ros2_ws/install/_local_setup_util_ps1.py'
[0.976s] INFO:colcon.colcon_core.shell:Creating prefix chain script '/home/ros2/ros2_ws/install/setup.ps1'
[0.977s] INFO:colcon.colcon_core.shell:Creating prefix script '/home/ros2/ros2_ws/install/local_setup.sh'
[0.977s] INFO:colcon.colcon_core.shell:Creating prefix util module '/home/ros2/ros2_ws/install/_local_setup_util_sh.py'
[0.978s] INFO:colcon.colcon_core.shell:Creating prefix chain script '/home/ros2/ros2_ws/install/setup.sh'
[0.979s] INFO:colcon.colcon_core.shell:Creating prefix script '/home/ros2/ros2_ws/install/local_setup.bash'
[0.979s] INFO:colcon.colcon_core.shell:Creating prefix chain script '/home/ros2/ros2_ws/install/setup.bash'
[0.980s] INFO:colcon.colcon_core.shell:Creating prefix script '/home/ros2/ros2_ws/install/local_setup.zsh'
[0.981s] INFO:colcon.colcon_core.shell:Creating prefix chain script '/home/ros2/ros2_ws/install/setup.zsh'
