Built target ament_cmake_python_copy_smart_car
running egg_info
writing smart_car.egg-info/PKG-INFO
writing dependency_links to smart_car.egg-info/dependency_links.txt
writing top-level names to smart_car.egg-info/top_level.txt
reading manifest file 'smart_car.egg-info/SOURCES.txt'
writing manifest file 'smart_car.egg-info/SOURCES.txt'
Built target ament_cmake_python_build_smart_car_egg
-- Install configuration: ""
-- Up-to-date: /home/harm10/ros2_smartcar_ws/install/smart_car/share/smart_car/urdf
-- Up-to-date: /home/harm10/ros2_smartcar_ws/install/smart_car/share/smart_car/urdf/smartcar.urdf
-- Up-to-date: /home/harm10/ros2_smartcar_ws/install/smart_car/share/smart_car/urdf/smartcar.urdf.xacro
-- Up-to-date: /home/harm10/ros2_smartcar_ws/install/smart_car/share/smart_car/launch
-- Up-to-date: /home/harm10/ros2_smartcar_ws/install/smart_car/share/smart_car/launch/localization.launch.py
-- Up-to-date: /home/harm10/ros2_smartcar_ws/install/smart_car/share/smart_car/launch/format.py
-- Up-to-date: /home/harm10/ros2_smartcar_ws/install/smart_car/share/smart_car/launch/smartcar.launch.py
-- Up-to-date: /home/harm10/ros2_smartcar_ws/install/smart_car/share/smart_car/launch/nav2.launch.py
-- Up-to-date: /home/harm10/ros2_smartcar_ws/install/smart_car/share/smart_car/launch/gazebo.launch.py
-- Up-to-date: /home/harm10/ros2_smartcar_ws/install/smart_car/share/smart_car/launch/__pycache__
-- Up-to-date: /home/harm10/ros2_smartcar_ws/install/smart_car/share/smart_car/launch/__pycache__/smartcar.launch.cpython-310.pyc
-- Installing: /home/harm10/ros2_smartcar_ws/install/smart_car/share/smart_car/config
-- Installing: /home/harm10/ros2_smartcar_ws/install/smart_car/share/smart_car/config/bt_nav2.xml
-- Installing: /home/harm10/ros2_smartcar_ws/install/smart_car/share/smart_car/config/smalltown_world.pgm
-- Installing: /home/harm10/ros2_smartcar_ws/install/smart_car/share/smart_car/config/smalltown_world.yaml
-- Installing: /home/harm10/ros2_smartcar_ws/install/smart_car/share/smart_car/config/nav2_params.yaml
-- Installing: /home/harm10/ros2_smartcar_ws/install/smart_car/share/smart_car/config/ekf.yaml
-- Installing: /home/harm10/ros2_smartcar_ws/install/smart_car/share/smart_car/world
-- Installing: /home/harm10/ros2_smartcar_ws/install/smart_car/share/smart_car/world/smalltown.world
-- Installing: /home/harm10/ros2_smartcar_ws/install/smart_car/share/smart_car/environment/pythonpath.sh
-- Installing: /home/harm10/ros2_smartcar_ws/install/smart_car/share/smart_car/environment/pythonpath.dsv
-- Installing: /home/harm10/ros2_smartcar_ws/install/smart_car/local/lib/python3.10/dist-packages/smart_car-0.0.0-py3.10.egg-info
-- Installing: /home/harm10/ros2_smartcar_ws/install/smart_car/local/lib/python3.10/dist-packages/smart_car-0.0.0-py3.10.egg-info/SOURCES.txt
-- Installing: /home/harm10/ros2_smartcar_ws/install/smart_car/local/lib/python3.10/dist-packages/smart_car-0.0.0-py3.10.egg-info/top_level.txt
-- Installing: /home/harm10/ros2_smartcar_ws/install/smart_car/local/lib/python3.10/dist-packages/smart_car-0.0.0-py3.10.egg-info/dependency_links.txt
-- Installing: /home/harm10/ros2_smartcar_ws/install/smart_car/local/lib/python3.10/dist-packages/smart_car-0.0.0-py3.10.egg-info/PKG-INFO
-- Installing: /home/harm10/ros2_smartcar_ws/install/smart_car/local/lib/python3.10/dist-packages/smart_car
-- Installing: /home/harm10/ros2_smartcar_ws/install/smart_car/local/lib/python3.10/dist-packages/smart_car/__init__.py
Listing '/home/harm10/ros2_smartcar_ws/install/smart_car/local/lib/python3.10/dist-packages/smart_car'...
Compiling '/home/harm10/ros2_smartcar_ws/install/smart_car/local/lib/python3.10/dist-packages/smart_car/__init__.py'...
-- Installing: /home/harm10/ros2_smartcar_ws/install/smart_car/lib/smart_car/odom.py
-- Installing: /home/harm10/ros2_smartcar_ws/install/smart_car/share/ament_index/resource_index/package_run_dependencies/smart_car
-- Installing: /home/harm10/ros2_smartcar_ws/install/smart_car/share/ament_index/resource_index/parent_prefix_path/smart_car
-- Installing: /home/harm10/ros2_smartcar_ws/install/smart_car/share/smart_car/environment/ament_prefix_path.sh
-- Installing: /home/harm10/ros2_smartcar_ws/install/smart_car/share/smart_car/environment/ament_prefix_path.dsv
-- Installing: /home/harm10/ros2_smartcar_ws/install/smart_car/share/smart_car/environment/path.sh
-- Installing: /home/harm10/ros2_smartcar_ws/install/smart_car/share/smart_car/environment/path.dsv
-- Installing: /home/harm10/ros2_smartcar_ws/install/smart_car/share/smart_car/local_setup.bash
-- Installing: /home/harm10/ros2_smartcar_ws/install/smart_car/share/smart_car/local_setup.sh
-- Installing: /home/harm10/ros2_smartcar_ws/install/smart_car/share/smart_car/local_setup.zsh
-- Installing: /home/harm10/ros2_smartcar_ws/install/smart_car/share/smart_car/local_setup.dsv
-- Up-to-date: /home/harm10/ros2_smartcar_ws/install/smart_car/share/smart_car/package.dsv
-- Installing: /home/harm10/ros2_smartcar_ws/install/smart_car/share/ament_index/resource_index/packages/smart_car
-- Installing: /home/harm10/ros2_smartcar_ws/install/smart_car/share/smart_car/cmake/smart_carConfig.cmake
-- Installing: /home/harm10/ros2_smartcar_ws/install/smart_car/share/smart_car/cmake/smart_carConfig-version.cmake
-- Installing: /home/harm10/ros2_smartcar_ws/install/smart_car/share/smart_car/package.xml
