[0.010s] Invoking command in '/home/harm10/ros2_smartcar_ws/build/smart_car': CMAKE_PREFIX_PATH=${CMAKE_PREFIX_PATH}:/opt/ros/humble /usr/bin/cmake --build /home/harm10/ros2_smartcar_ws/build/smart_car -- -j16 -l16
[0.090s] Built target ament_cmake_python_copy_smart_car
[0.298s] running egg_info
[0.298s] writing smart_car.egg-info/PKG-INFO
[0.299s] writing dependency_links to smart_car.egg-info/dependency_links.txt
[0.299s] writing top-level names to smart_car.egg-info/top_level.txt
[0.300s] reading manifest file 'smart_car.egg-info/SOURCES.txt'
[0.301s] writing manifest file 'smart_car.egg-info/SOURCES.txt'
[0.336s] Built target ament_cmake_python_build_smart_car_egg
[0.348s] Invoked command in '/home/harm10/ros2_smartcar_ws/build/smart_car' returned '0': CMAKE_PREFIX_PATH=${CMAKE_PREFIX_PATH}:/opt/ros/humble /usr/bin/cmake --build /home/harm10/ros2_smartcar_ws/build/smart_car -- -j16 -l16
[0.358s] Invoking command in '/home/harm10/ros2_smartcar_ws/build/smart_car': CMAKE_PREFIX_PATH=${CMAKE_PREFIX_PATH}:/opt/ros/humble /usr/bin/cmake --install /home/harm10/ros2_smartcar_ws/build/smart_car
[0.365s] -- Install configuration: ""
[0.366s] -- Up-to-date: /home/harm10/ros2_smartcar_ws/install/smart_car/share/smart_car/urdf
[0.366s] -- Up-to-date: /home/harm10/ros2_smartcar_ws/install/smart_car/share/smart_car/urdf/smartcar.urdf
[0.366s] -- Up-to-date: /home/harm10/ros2_smartcar_ws/install/smart_car/share/smart_car/urdf/smartcar.urdf.xacro
[0.366s] -- Up-to-date: /home/harm10/ros2_smartcar_ws/install/smart_car/share/smart_car/launch
[0.366s] -- Up-to-date: /home/harm10/ros2_smartcar_ws/install/smart_car/share/smart_car/launch/localization.launch.py
[0.366s] -- Up-to-date: /home/harm10/ros2_smartcar_ws/install/smart_car/share/smart_car/launch/format.py
[0.366s] -- Up-to-date: /home/harm10/ros2_smartcar_ws/install/smart_car/share/smart_car/launch/smartcar.launch.py
[0.366s] -- Up-to-date: /home/harm10/ros2_smartcar_ws/install/smart_car/share/smart_car/launch/nav2.launch.py
[0.366s] -- Up-to-date: /home/harm10/ros2_smartcar_ws/install/smart_car/share/smart_car/launch/gazebo.launch.py
[0.366s] -- Up-to-date: /home/harm10/ros2_smartcar_ws/install/smart_car/share/smart_car/launch/__pycache__
[0.366s] -- Up-to-date: /home/harm10/ros2_smartcar_ws/install/smart_car/share/smart_car/launch/__pycache__/smartcar.launch.cpython-310.pyc
[0.366s] -- Installing: /home/harm10/ros2_smartcar_ws/install/smart_car/share/smart_car/config
[0.366s] -- Installing: /home/harm10/ros2_smartcar_ws/install/smart_car/share/smart_car/config/bt_nav2.xml
[0.366s] -- Installing: /home/harm10/ros2_smartcar_ws/install/smart_car/share/smart_car/config/smalltown_world.pgm
[0.371s] -- Installing: /home/harm10/ros2_smartcar_ws/install/smart_car/share/smart_car/config/smalltown_world.yaml
[0.371s] -- Installing: /home/harm10/ros2_smartcar_ws/install/smart_car/share/smart_car/config/nav2_params.yaml
[0.371s] -- Installing: /home/harm10/ros2_smartcar_ws/install/smart_car/share/smart_car/config/ekf.yaml
[0.371s] -- Installing: /home/harm10/ros2_smartcar_ws/install/smart_car/share/smart_car/world
[0.371s] -- Installing: /home/harm10/ros2_smartcar_ws/install/smart_car/share/smart_car/world/smalltown.world
[0.372s] -- Installing: /home/harm10/ros2_smartcar_ws/install/smart_car/share/smart_car/environment/pythonpath.sh
[0.372s] -- Installing: /home/harm10/ros2_smartcar_ws/install/smart_car/share/smart_car/environment/pythonpath.dsv
[0.372s] -- Installing: /home/harm10/ros2_smartcar_ws/install/smart_car/local/lib/python3.10/dist-packages/smart_car-0.0.0-py3.10.egg-info
[0.372s] -- Installing: /home/harm10/ros2_smartcar_ws/install/smart_car/local/lib/python3.10/dist-packages/smart_car-0.0.0-py3.10.egg-info/SOURCES.txt
[0.372s] -- Installing: /home/harm10/ros2_smartcar_ws/install/smart_car/local/lib/python3.10/dist-packages/smart_car-0.0.0-py3.10.egg-info/top_level.txt
[0.372s] -- Installing: /home/harm10/ros2_smartcar_ws/install/smart_car/local/lib/python3.10/dist-packages/smart_car-0.0.0-py3.10.egg-info/dependency_links.txt
[0.372s] -- Installing: /home/harm10/ros2_smartcar_ws/install/smart_car/local/lib/python3.10/dist-packages/smart_car-0.0.0-py3.10.egg-info/PKG-INFO
[0.372s] -- Installing: /home/harm10/ros2_smartcar_ws/install/smart_car/local/lib/python3.10/dist-packages/smart_car
[0.373s] -- Installing: /home/harm10/ros2_smartcar_ws/install/smart_car/local/lib/python3.10/dist-packages/smart_car/__init__.py
[0.402s] Listing '/home/harm10/ros2_smartcar_ws/install/smart_car/local/lib/python3.10/dist-packages/smart_car'...
[0.402s] Compiling '/home/harm10/ros2_smartcar_ws/install/smart_car/local/lib/python3.10/dist-packages/smart_car/__init__.py'...
[0.407s] -- Installing: /home/harm10/ros2_smartcar_ws/install/smart_car/lib/smart_car/odom.py
[0.407s] -- Installing: /home/harm10/ros2_smartcar_ws/install/smart_car/share/ament_index/resource_index/package_run_dependencies/smart_car
[0.408s] -- Installing: /home/harm10/ros2_smartcar_ws/install/smart_car/share/ament_index/resource_index/parent_prefix_path/smart_car
[0.408s] -- Installing: /home/harm10/ros2_smartcar_ws/install/smart_car/share/smart_car/environment/ament_prefix_path.sh
[0.408s] -- Installing: /home/harm10/ros2_smartcar_ws/install/smart_car/share/smart_car/environment/ament_prefix_path.dsv
[0.408s] -- Installing: /home/harm10/ros2_smartcar_ws/install/smart_car/share/smart_car/environment/path.sh
[0.408s] -- Installing: /home/harm10/ros2_smartcar_ws/install/smart_car/share/smart_car/environment/path.dsv
[0.409s] -- Installing: /home/harm10/ros2_smartcar_ws/install/smart_car/share/smart_car/local_setup.bash
[0.409s] -- Installing: /home/harm10/ros2_smartcar_ws/install/smart_car/share/smart_car/local_setup.sh
[0.409s] -- Installing: /home/harm10/ros2_smartcar_ws/install/smart_car/share/smart_car/local_setup.zsh
[0.409s] -- Installing: /home/harm10/ros2_smartcar_ws/install/smart_car/share/smart_car/local_setup.dsv
[0.409s] -- Up-to-date: /home/harm10/ros2_smartcar_ws/install/smart_car/share/smart_car/package.dsv
[0.409s] -- Installing: /home/harm10/ros2_smartcar_ws/install/smart_car/share/ament_index/resource_index/packages/smart_car
[0.410s] -- Installing: /home/harm10/ros2_smartcar_ws/install/smart_car/share/smart_car/cmake/smart_carConfig.cmake
[0.410s] -- Installing: /home/harm10/ros2_smartcar_ws/install/smart_car/share/smart_car/cmake/smart_carConfig-version.cmake
[0.410s] -- Installing: /home/harm10/ros2_smartcar_ws/install/smart_car/share/smart_car/package.xml
[0.413s] Invoked command in '/home/harm10/ros2_smartcar_ws/build/smart_car' returned '0': CMAKE_PREFIX_PATH=${CMAKE_PREFIX_PATH}:/opt/ros/humble /usr/bin/cmake --install /home/harm10/ros2_smartcar_ws/build/smart_car
