[0.010s] Invoking command in '/home/ros2/ros2_ws/build/smart_car': CMAKE_PREFIX_PATH=${CMAKE_PREFIX_PATH}:/opt/ros/humble /usr/bin/cmake --build /home/ros2/ros2_ws/build/smart_car -- -j8 -l8
[0.034s] -- Found ament_cmake: 1.3.10 (/opt/ros/humble/share/ament_cmake/cmake)
[0.137s] -- Found rclcpp: 16.0.10 (/opt/ros/humble/share/rclcpp/cmake)
[0.178s] -- Found rosidl_generator_c: 3.1.5 (/opt/ros/humble/share/rosidl_generator_c/cmake)
[0.179s] -- Found rosidl_adapter: 3.1.5 (/opt/ros/humble/share/rosidl_adapter/cmake)
[0.184s] -- Found rosidl_generator_cpp: 3.1.5 (/opt/ros/humble/share/rosidl_generator_cpp/cmake)
[0.191s] -- Using all available rosidl_typesupport_c: rosidl_typesupport_fastrtps_c;rosidl_typesupport_introspection_c
[0.199s] -- Using all available rosidl_typesupport_cpp: rosidl_typesupport_fastrtps_cpp;rosidl_typesupport_introspection_cpp
[0.221s] -- Found rmw_implementation_cmake: 6.1.2 (/opt/ros/humble/share/rmw_implementation_cmake/cmake)
[0.222s] -- Found rmw_cyclonedds_cpp: 1.3.4 (/opt/ros/humble/share/rmw_cyclonedds_cpp/cmake)
[0.236s] -- Using RMW implementation 'rmw_cyclonedds_cpp' as default
[0.276s] -- Found rclpy: 3.3.14 (/opt/ros/humble/share/rclpy/cmake)
[0.288s] -- Found xacro: 2.0.8 (/opt/ros/humble/share/xacro/cmake)
[0.289s] -- Found ament_lint_auto: 0.12.11 (/opt/ros/humble/share/ament_lint_auto/cmake)
[0.347s] [31mCMake Error at /opt/ros/humble/share/ament_cmake_python/cmake/ament_python_install_package.cmake:66 (message):
[0.347s]   ament_python_install_package() the Python package folder
[0.347s]   '/home/ros2/ros2_ws/src/smart_car/smart_car' doesn't contain an
[0.347s]   '__init__.py' file
[0.347s] Call Stack (most recent call first):
[0.347s]   /opt/ros/humble/share/ament_cmake_python/cmake/ament_python_install_package.cmake:39 (_ament_cmake_python_install_package)
[0.347s]   CMakeLists.txt:37 (ament_python_install_package)
[0.347s] 
[0.347s] [0m
[0.347s] -- Configuring incomplete, errors occurred!
[0.347s] See also "/home/ros2/ros2_ws/build/smart_car/CMakeFiles/CMakeOutput.log".
[0.354s] gmake: *** [Makefile:226: cmake_check_build_system] Error 1
[0.358s] Invoked command in '/home/ros2/ros2_ws/build/smart_car' returned '2': CMAKE_PREFIX_PATH=${CMAKE_PREFIX_PATH}:/opt/ros/humble /usr/bin/cmake --build /home/ros2/ros2_ws/build/smart_car -- -j8 -l8
