[0.077s] DEBUG:colcon:Command line arguments: ['/usr/bin/colcon', 'build']
[0.077s] DEBUG:colcon:Parsed command line arguments: Namespace(log_base=None, log_level=None, verb_name='build', build_base='build', install_base='install', merge_install=False, symlink_install=False, test_result_base=None, continue_on_error=False, executor='parallel', parallel_workers=16, event_handlers=None, ignore_user_meta=False, metas=['./colcon.meta'], base_paths=['.'], packages_ignore=None, packages_ignore_regex=None, paths=None, packages_up_to=None, packages_up_to_regex=None, packages_above=None, packages_above_and_dependencies=None, packages_above_depth=None, packages_select_by_dep=None, packages_skip_by_dep=None, packages_skip_up_to=None, packages_select_build_failed=False, packages_skip_build_finished=False, packages_select_test_failures=False, packages_skip_test_passed=False, packages_select=None, packages_skip=None, packages_select_regex=None, packages_skip_regex=None, packages_start=None, packages_end=None, allow_overriding=[], cmake_args=None, cmake_target=None, cmake_target_skip_unavailable=False, cmake_clean_cache=False, cmake_clean_first=False, cmake_force_configure=False, ament_cmake_args=None, catkin_cmake_args=None, catkin_skip_building_tests=False, verb_parser=<colcon_defaults.argument_parser.defaults.DefaultArgumentsDecorator object at 0x7d4969d237c0>, verb_extension=<colcon_core.verb.build.BuildVerb object at 0x7d4969ec90c0>, main=<bound method BuildVerb.main of <colcon_core.verb.build.BuildVerb object at 0x7d4969ec90c0>>)
[0.202s] Level 1:colcon.colcon_core.package_discovery:discover_packages(colcon_meta) check parameters
[0.202s] Level 1:colcon.colcon_core.package_discovery:discover_packages(recursive) check parameters
[0.202s] Level 1:colcon.colcon_core.package_discovery:discover_packages(ignore) check parameters
[0.202s] Level 1:colcon.colcon_core.package_discovery:discover_packages(path) check parameters
[0.202s] Level 1:colcon.colcon_core.package_discovery:discover_packages(colcon_meta) discover
[0.202s] Level 1:colcon.colcon_core.package_discovery:discover_packages(recursive) discover
[0.202s] INFO:colcon.colcon_core.package_discovery:Crawling recursively for packages in '/home/harm10/ros2_smartcar_ws'
[0.202s] Level 1:colcon.colcon_core.package_identification:_identify(.) by extensions ['ignore', 'ignore_ament_install']
[0.202s] Level 1:colcon.colcon_core.package_identification:_identify(.) by extension 'ignore'
[0.202s] Level 1:colcon.colcon_core.package_identification:_identify(.) by extension 'ignore_ament_install'
[0.202s] Level 1:colcon.colcon_core.package_identification:_identify(.) by extensions ['colcon_pkg']
[0.202s] Level 1:colcon.colcon_core.package_identification:_identify(.) by extension 'colcon_pkg'
[0.202s] Level 1:colcon.colcon_core.package_identification:_identify(.) by extensions ['colcon_meta']
[0.202s] Level 1:colcon.colcon_core.package_identification:_identify(.) by extension 'colcon_meta'
[0.202s] Level 1:colcon.colcon_core.package_identification:_identify(.) by extensions ['ros']
[0.202s] Level 1:colcon.colcon_core.package_identification:_identify(.) by extension 'ros'
[0.211s] Level 1:colcon.colcon_core.package_identification:_identify(.) by extensions ['cmake', 'python']
[0.211s] Level 1:colcon.colcon_core.package_identification:_identify(.) by extension 'cmake'
[0.211s] Level 1:colcon.colcon_core.package_identification:_identify(.) by extension 'python'
[0.211s] Level 1:colcon.colcon_core.package_identification:_identify(.) by extensions ['python_setup_py']
[0.211s] Level 1:colcon.colcon_core.package_identification:_identify(.) by extension 'python_setup_py'
[0.211s] Level 1:colcon.colcon_core.package_identification:_identify(build) by extensions ['ignore', 'ignore_ament_install']
[0.211s] Level 1:colcon.colcon_core.package_identification:_identify(build) by extension 'ignore'
[0.211s] Level 1:colcon.colcon_core.package_identification:_identify(build) ignored
[0.211s] Level 1:colcon.colcon_core.package_identification:_identify(install) by extensions ['ignore', 'ignore_ament_install']
[0.211s] Level 1:colcon.colcon_core.package_identification:_identify(install) by extension 'ignore'
[0.211s] Level 1:colcon.colcon_core.package_identification:_identify(install) ignored
[0.211s] Level 1:colcon.colcon_core.package_identification:_identify(log) by extensions ['ignore', 'ignore_ament_install']
[0.212s] Level 1:colcon.colcon_core.package_identification:_identify(log) by extension 'ignore'
[0.212s] Level 1:colcon.colcon_core.package_identification:_identify(log) ignored
[0.212s] Level 1:colcon.colcon_core.package_identification:_identify(src) by extensions ['ignore', 'ignore_ament_install']
[0.212s] Level 1:colcon.colcon_core.package_identification:_identify(src) by extension 'ignore'
[0.212s] Level 1:colcon.colcon_core.package_identification:_identify(src) by extension 'ignore_ament_install'
[0.212s] Level 1:colcon.colcon_core.package_identification:_identify(src) by extensions ['colcon_pkg']
[0.212s] Level 1:colcon.colcon_core.package_identification:_identify(src) by extension 'colcon_pkg'
[0.212s] Level 1:colcon.colcon_core.package_identification:_identify(src) by extensions ['colcon_meta']
[0.212s] Level 1:colcon.colcon_core.package_identification:_identify(src) by extension 'colcon_meta'
[0.212s] Level 1:colcon.colcon_core.package_identification:_identify(src) by extensions ['ros']
[0.212s] Level 1:colcon.colcon_core.package_identification:_identify(src) by extension 'ros'
[0.212s] Level 1:colcon.colcon_core.package_identification:_identify(src) by extensions ['cmake', 'python']
[0.212s] Level 1:colcon.colcon_core.package_identification:_identify(src) by extension 'cmake'
[0.212s] Level 1:colcon.colcon_core.package_identification:_identify(src) by extension 'python'
[0.212s] Level 1:colcon.colcon_core.package_identification:_identify(src) by extensions ['python_setup_py']
[0.212s] Level 1:colcon.colcon_core.package_identification:_identify(src) by extension 'python_setup_py'
[0.212s] Level 1:colcon.colcon_core.package_identification:_identify(src/smart_car) by extensions ['ignore', 'ignore_ament_install']
[0.212s] Level 1:colcon.colcon_core.package_identification:_identify(src/smart_car) by extension 'ignore'
[0.212s] Level 1:colcon.colcon_core.package_identification:_identify(src/smart_car) by extension 'ignore_ament_install'
[0.212s] Level 1:colcon.colcon_core.package_identification:_identify(src/smart_car) by extensions ['colcon_pkg']
[0.212s] Level 1:colcon.colcon_core.package_identification:_identify(src/smart_car) by extension 'colcon_pkg'
[0.212s] Level 1:colcon.colcon_core.package_identification:_identify(src/smart_car) by extensions ['colcon_meta']
[0.212s] Level 1:colcon.colcon_core.package_identification:_identify(src/smart_car) by extension 'colcon_meta'
[0.212s] Level 1:colcon.colcon_core.package_identification:_identify(src/smart_car) by extensions ['ros']
[0.213s] Level 1:colcon.colcon_core.package_identification:_identify(src/smart_car) by extension 'ros'
[0.214s] DEBUG:colcon.colcon_core.package_identification:Package 'src/smart_car' with type 'ros.ament_cmake' and name 'smart_car'
[0.214s] Level 1:colcon.colcon_core.package_identification:_identify(src/smartcar_msgs) by extensions ['ignore', 'ignore_ament_install']
[0.214s] Level 1:colcon.colcon_core.package_identification:_identify(src/smartcar_msgs) by extension 'ignore'
[0.214s] Level 1:colcon.colcon_core.package_identification:_identify(src/smartcar_msgs) by extension 'ignore_ament_install'
[0.214s] Level 1:colcon.colcon_core.package_identification:_identify(src/smartcar_msgs) by extensions ['colcon_pkg']
[0.214s] Level 1:colcon.colcon_core.package_identification:_identify(src/smartcar_msgs) by extension 'colcon_pkg'
[0.214s] Level 1:colcon.colcon_core.package_identification:_identify(src/smartcar_msgs) by extensions ['colcon_meta']
[0.215s] Level 1:colcon.colcon_core.package_identification:_identify(src/smartcar_msgs) by extension 'colcon_meta'
[0.215s] Level 1:colcon.colcon_core.package_identification:_identify(src/smartcar_msgs) by extensions ['ros']
[0.215s] Level 1:colcon.colcon_core.package_identification:_identify(src/smartcar_msgs) by extension 'ros'
[0.215s] DEBUG:colcon.colcon_core.package_identification:Package 'src/smartcar_msgs' with type 'ros.ament_cmake' and name 'smartcar_msgs'
[0.215s] Level 1:colcon.colcon_core.package_discovery:discover_packages(recursive) using defaults
[0.215s] Level 1:colcon.colcon_core.package_discovery:discover_packages(ignore) discover
[0.215s] Level 1:colcon.colcon_core.package_discovery:discover_packages(ignore) using defaults
[0.215s] Level 1:colcon.colcon_core.package_discovery:discover_packages(path) discover
[0.215s] Level 1:colcon.colcon_core.package_discovery:discover_packages(path) using defaults
[0.230s] Level 1:colcon.colcon_core.package_discovery:discover_packages(prefix_path) check parameters
[0.230s] Level 1:colcon.colcon_core.package_discovery:discover_packages(prefix_path) discover
[0.231s] WARNING:colcon.colcon_ros.prefix_path.ament:The path '/home/harm10/ros2_smartcar_ws/install/smartcar_msgs' in the environment variable AMENT_PREFIX_PATH doesn't exist
[0.231s] WARNING:colcon.colcon_ros.prefix_path.catkin:The path '/home/harm10/ros2_smartcar_ws/install/smartcar_msgs' in the environment variable CMAKE_PREFIX_PATH doesn't exist
[0.232s] DEBUG:colcon.colcon_installed_package_information.package_discovery:Found 1 installed packages in /home/harm10/ros2_smartcar_ws/install
[0.233s] DEBUG:colcon.colcon_installed_package_information.package_discovery:Found 304 installed packages in /opt/ros/humble
[0.243s] Level 1:colcon.colcon_core.package_discovery:discover_packages(prefix_path) using defaults
[0.275s] Level 5:colcon.colcon_core.verb:set package 'smart_car' build argument 'cmake_args' from command line to 'None'
[0.275s] Level 5:colcon.colcon_core.verb:set package 'smart_car' build argument 'cmake_target' from command line to 'None'
[0.275s] Level 5:colcon.colcon_core.verb:set package 'smart_car' build argument 'cmake_target_skip_unavailable' from command line to 'False'
[0.275s] Level 5:colcon.colcon_core.verb:set package 'smart_car' build argument 'cmake_clean_cache' from command line to 'False'
[0.275s] Level 5:colcon.colcon_core.verb:set package 'smart_car' build argument 'cmake_clean_first' from command line to 'False'
[0.275s] Level 5:colcon.colcon_core.verb:set package 'smart_car' build argument 'cmake_force_configure' from command line to 'False'
[0.275s] Level 5:colcon.colcon_core.verb:set package 'smart_car' build argument 'ament_cmake_args' from command line to 'None'
[0.275s] Level 5:colcon.colcon_core.verb:set package 'smart_car' build argument 'catkin_cmake_args' from command line to 'None'
[0.275s] Level 5:colcon.colcon_core.verb:set package 'smart_car' build argument 'catkin_skip_building_tests' from command line to 'False'
[0.275s] DEBUG:colcon.colcon_core.verb:Building package 'smart_car' with the following arguments: {'ament_cmake_args': None, 'build_base': '/home/harm10/ros2_smartcar_ws/build/smart_car', 'catkin_cmake_args': None, 'catkin_skip_building_tests': False, 'cmake_args': None, 'cmake_clean_cache': False, 'cmake_clean_first': False, 'cmake_force_configure': False, 'cmake_target': None, 'cmake_target_skip_unavailable': False, 'install_base': '/home/harm10/ros2_smartcar_ws/install/smart_car', 'merge_install': False, 'path': '/home/harm10/ros2_smartcar_ws/src/smart_car', 'symlink_install': False, 'test_result_base': None}
[0.276s] Level 5:colcon.colcon_core.verb:set package 'smartcar_msgs' build argument 'cmake_args' from command line to 'None'
[0.276s] Level 5:colcon.colcon_core.verb:set package 'smartcar_msgs' build argument 'cmake_target' from command line to 'None'
[0.276s] Level 5:colcon.colcon_core.verb:set package 'smartcar_msgs' build argument 'cmake_target_skip_unavailable' from command line to 'False'
[0.276s] Level 5:colcon.colcon_core.verb:set package 'smartcar_msgs' build argument 'cmake_clean_cache' from command line to 'False'
[0.276s] Level 5:colcon.colcon_core.verb:set package 'smartcar_msgs' build argument 'cmake_clean_first' from command line to 'False'
[0.276s] Level 5:colcon.colcon_core.verb:set package 'smartcar_msgs' build argument 'cmake_force_configure' from command line to 'False'
[0.276s] Level 5:colcon.colcon_core.verb:set package 'smartcar_msgs' build argument 'ament_cmake_args' from command line to 'None'
[0.276s] Level 5:colcon.colcon_core.verb:set package 'smartcar_msgs' build argument 'catkin_cmake_args' from command line to 'None'
[0.276s] Level 5:colcon.colcon_core.verb:set package 'smartcar_msgs' build argument 'catkin_skip_building_tests' from command line to 'False'
[0.276s] DEBUG:colcon.colcon_core.verb:Building package 'smartcar_msgs' with the following arguments: {'ament_cmake_args': None, 'build_base': '/home/harm10/ros2_smartcar_ws/build/smartcar_msgs', 'catkin_cmake_args': None, 'catkin_skip_building_tests': False, 'cmake_args': None, 'cmake_clean_cache': False, 'cmake_clean_first': False, 'cmake_force_configure': False, 'cmake_target': None, 'cmake_target_skip_unavailable': False, 'install_base': '/home/harm10/ros2_smartcar_ws/install/smartcar_msgs', 'merge_install': False, 'path': '/home/harm10/ros2_smartcar_ws/src/smartcar_msgs', 'symlink_install': False, 'test_result_base': None}
[0.276s] INFO:colcon.colcon_core.executor:Executing jobs using 'parallel' executor
[0.277s] DEBUG:colcon.colcon_parallel_executor.executor.parallel:run_until_complete
[0.277s] INFO:colcon.colcon_ros.task.ament_cmake.build:Building ROS package in '/home/harm10/ros2_smartcar_ws/src/smart_car' with build type 'ament_cmake'
[0.277s] INFO:colcon.colcon_cmake.task.cmake.build:Building CMake package in '/home/harm10/ros2_smartcar_ws/src/smart_car'
[0.279s] INFO:colcon.colcon_core.plugin_system:Skipping extension 'colcon_core.shell.bat': Not used on non-Windows systems
[0.279s] INFO:colcon.colcon_core.shell:Skip shell extension 'powershell' for command environment: Not usable outside of PowerShell
[0.279s] DEBUG:colcon.colcon_core.shell:Skip shell extension 'dsv' for command environment
[0.282s] INFO:colcon.colcon_ros.task.ament_cmake.build:Building ROS package in '/home/harm10/ros2_smartcar_ws/src/smartcar_msgs' with build type 'ament_cmake'
[0.282s] INFO:colcon.colcon_cmake.task.cmake.build:Building CMake package in '/home/harm10/ros2_smartcar_ws/src/smartcar_msgs'
[0.282s] INFO:colcon.colcon_core.shell:Skip shell extension 'powershell' for command environment: Not usable outside of PowerShell
[0.282s] DEBUG:colcon.colcon_core.shell:Skip shell extension 'dsv' for command environment
[0.288s] DEBUG:colcon.colcon_core.event_handler.log_command:Invoking command in '/home/harm10/ros2_smartcar_ws/build/smart_car': CMAKE_PREFIX_PATH=${CMAKE_PREFIX_PATH}:/opt/ros/humble /usr/bin/cmake --build /home/harm10/ros2_smartcar_ws/build/smart_car -- -j16 -l16
[0.291s] DEBUG:colcon.colcon_core.event_handler.log_command:Invoking command in '/home/harm10/ros2_smartcar_ws/build/smartcar_msgs': CMAKE_PREFIX_PATH=${CMAKE_PREFIX_PATH}:/opt/ros/humble /usr/bin/cmake --build /home/harm10/ros2_smartcar_ws/build/smartcar_msgs -- -j16 -l16
[0.626s] DEBUG:colcon.colcon_core.event_handler.log_command:Invoked command in '/home/harm10/ros2_smartcar_ws/build/smart_car' returned '0': CMAKE_PREFIX_PATH=${CMAKE_PREFIX_PATH}:/opt/ros/humble /usr/bin/cmake --build /home/harm10/ros2_smartcar_ws/build/smart_car -- -j16 -l16
[0.636s] DEBUG:colcon.colcon_core.event_handler.log_command:Invoking command in '/home/harm10/ros2_smartcar_ws/build/smart_car': CMAKE_PREFIX_PATH=${CMAKE_PREFIX_PATH}:/opt/ros/humble /usr/bin/cmake --install /home/harm10/ros2_smartcar_ws/build/smart_car
[0.690s] Level 1:colcon.colcon_core.environment:create_environment_scripts_only(smart_car)
[0.690s] DEBUG:colcon.colcon_core.event_handler.log_command:Invoked command in '/home/harm10/ros2_smartcar_ws/build/smart_car' returned '0': CMAKE_PREFIX_PATH=${CMAKE_PREFIX_PATH}:/opt/ros/humble /usr/bin/cmake --install /home/harm10/ros2_smartcar_ws/build/smart_car
[0.693s] Level 1:colcon.colcon_core.environment:checking '/home/harm10/ros2_smartcar_ws/install/smart_car' for CMake module files
[0.694s] Level 1:colcon.colcon_core.environment:checking '/home/harm10/ros2_smartcar_ws/install/smart_car' for CMake config files
[0.695s] Level 1:colcon.colcon_core.shell:create_environment_hook('smart_car', 'cmake_prefix_path')
[0.695s] INFO:colcon.colcon_core.shell:Creating environment hook '/home/harm10/ros2_smartcar_ws/install/smart_car/share/smart_car/hook/cmake_prefix_path.ps1'
[0.696s] INFO:colcon.colcon_core.shell:Creating environment descriptor '/home/harm10/ros2_smartcar_ws/install/smart_car/share/smart_car/hook/cmake_prefix_path.dsv'
[0.696s] INFO:colcon.colcon_core.shell:Creating environment hook '/home/harm10/ros2_smartcar_ws/install/smart_car/share/smart_car/hook/cmake_prefix_path.sh'
[0.697s] Level 1:colcon.colcon_core.environment:checking '/home/harm10/ros2_smartcar_ws/install/smart_car/lib'
[0.697s] Level 1:colcon.colcon_core.environment:checking '/home/harm10/ros2_smartcar_ws/install/smart_car/bin'
[0.697s] Level 1:colcon.colcon_core.environment:checking '/home/harm10/ros2_smartcar_ws/install/smart_car/lib/pkgconfig/smart_car.pc'
[0.698s] Level 1:colcon.colcon_core.environment:checking '/home/harm10/ros2_smartcar_ws/install/smart_car/lib/python3.10/site-packages'
[0.698s] Level 1:colcon.colcon_core.environment:checking '/home/harm10/ros2_smartcar_ws/install/smart_car/bin'
[0.698s] INFO:colcon.colcon_core.shell:Creating package script '/home/harm10/ros2_smartcar_ws/install/smart_car/share/smart_car/package.ps1'
[0.699s] INFO:colcon.colcon_core.shell:Creating package descriptor '/home/harm10/ros2_smartcar_ws/install/smart_car/share/smart_car/package.dsv'
[0.700s] INFO:colcon.colcon_core.shell:Creating package script '/home/harm10/ros2_smartcar_ws/install/smart_car/share/smart_car/package.sh'
[0.701s] INFO:colcon.colcon_core.shell:Creating package script '/home/harm10/ros2_smartcar_ws/install/smart_car/share/smart_car/package.bash'
[0.702s] INFO:colcon.colcon_core.shell:Creating package script '/home/harm10/ros2_smartcar_ws/install/smart_car/share/smart_car/package.zsh'
[0.703s] Level 1:colcon.colcon_core.environment:create_file_with_runtime_dependencies(/home/harm10/ros2_smartcar_ws/install/smart_car/share/colcon-core/packages/smart_car)
[0.704s] Level 1:colcon.colcon_core.environment:create_environment_scripts_only(smart_car)
[0.704s] Level 1:colcon.colcon_core.environment:checking '/home/harm10/ros2_smartcar_ws/install/smart_car' for CMake module files
[0.704s] Level 1:colcon.colcon_core.environment:checking '/home/harm10/ros2_smartcar_ws/install/smart_car' for CMake config files
[0.705s] Level 1:colcon.colcon_core.shell:create_environment_hook('smart_car', 'cmake_prefix_path')
[0.705s] INFO:colcon.colcon_core.shell:Creating environment hook '/home/harm10/ros2_smartcar_ws/install/smart_car/share/smart_car/hook/cmake_prefix_path.ps1'
[0.706s] INFO:colcon.colcon_core.shell:Creating environment descriptor '/home/harm10/ros2_smartcar_ws/install/smart_car/share/smart_car/hook/cmake_prefix_path.dsv'
[0.707s] INFO:colcon.colcon_core.shell:Creating environment hook '/home/harm10/ros2_smartcar_ws/install/smart_car/share/smart_car/hook/cmake_prefix_path.sh'
[0.707s] Level 1:colcon.colcon_core.environment:checking '/home/harm10/ros2_smartcar_ws/install/smart_car/lib'
[0.707s] Level 1:colcon.colcon_core.environment:checking '/home/harm10/ros2_smartcar_ws/install/smart_car/bin'
[0.707s] Level 1:colcon.colcon_core.environment:checking '/home/harm10/ros2_smartcar_ws/install/smart_car/lib/pkgconfig/smart_car.pc'
[0.708s] Level 1:colcon.colcon_core.environment:checking '/home/harm10/ros2_smartcar_ws/install/smart_car/lib/python3.10/site-packages'
[0.708s] Level 1:colcon.colcon_core.environment:checking '/home/harm10/ros2_smartcar_ws/install/smart_car/bin'
[0.708s] INFO:colcon.colcon_core.shell:Creating package script '/home/harm10/ros2_smartcar_ws/install/smart_car/share/smart_car/package.ps1'
[0.709s] INFO:colcon.colcon_core.shell:Creating package descriptor '/home/harm10/ros2_smartcar_ws/install/smart_car/share/smart_car/package.dsv'
[0.709s] INFO:colcon.colcon_core.shell:Creating package script '/home/harm10/ros2_smartcar_ws/install/smart_car/share/smart_car/package.sh'
[0.710s] INFO:colcon.colcon_core.shell:Creating package script '/home/harm10/ros2_smartcar_ws/install/smart_car/share/smart_car/package.bash'
[0.711s] INFO:colcon.colcon_core.shell:Creating package script '/home/harm10/ros2_smartcar_ws/install/smart_car/share/smart_car/package.zsh'
[0.711s] Level 1:colcon.colcon_core.environment:create_file_with_runtime_dependencies(/home/harm10/ros2_smartcar_ws/install/smart_car/share/colcon-core/packages/smart_car)
[1.835s] DEBUG:colcon.colcon_core.event_handler.log_command:Invoked command in '/home/harm10/ros2_smartcar_ws/build/smartcar_msgs' returned '0': CMAKE_PREFIX_PATH=${CMAKE_PREFIX_PATH}:/opt/ros/humble /usr/bin/cmake --build /home/harm10/ros2_smartcar_ws/build/smartcar_msgs -- -j16 -l16
[1.836s] DEBUG:colcon.colcon_core.event_handler.log_command:Invoking command in '/home/harm10/ros2_smartcar_ws/build/smartcar_msgs': CMAKE_PREFIX_PATH=${CMAKE_PREFIX_PATH}:/opt/ros/humble /usr/bin/cmake --install /home/harm10/ros2_smartcar_ws/build/smartcar_msgs
[1.893s] Level 1:colcon.colcon_core.environment:create_environment_scripts_only(smartcar_msgs)
[1.893s] Level 1:colcon.colcon_core.environment:checking '/home/harm10/ros2_smartcar_ws/install/smartcar_msgs' for CMake module files
[1.894s] DEBUG:colcon.colcon_core.event_handler.log_command:Invoked command in '/home/harm10/ros2_smartcar_ws/build/smartcar_msgs' returned '0': CMAKE_PREFIX_PATH=${CMAKE_PREFIX_PATH}:/opt/ros/humble /usr/bin/cmake --install /home/harm10/ros2_smartcar_ws/build/smartcar_msgs
[1.894s] Level 1:colcon.colcon_core.environment:checking '/home/harm10/ros2_smartcar_ws/install/smartcar_msgs' for CMake config files
[1.894s] Level 1:colcon.colcon_core.shell:create_environment_hook('smartcar_msgs', 'cmake_prefix_path')
[1.894s] INFO:colcon.colcon_core.shell:Creating environment hook '/home/harm10/ros2_smartcar_ws/install/smartcar_msgs/share/smartcar_msgs/hook/cmake_prefix_path.ps1'
[1.895s] INFO:colcon.colcon_core.shell:Creating environment descriptor '/home/harm10/ros2_smartcar_ws/install/smartcar_msgs/share/smartcar_msgs/hook/cmake_prefix_path.dsv'
[1.895s] INFO:colcon.colcon_core.shell:Creating environment hook '/home/harm10/ros2_smartcar_ws/install/smartcar_msgs/share/smartcar_msgs/hook/cmake_prefix_path.sh'
[1.896s] Level 1:colcon.colcon_core.environment:checking '/home/harm10/ros2_smartcar_ws/install/smartcar_msgs/lib'
[1.896s] Level 1:colcon.colcon_core.shell:create_environment_hook('smartcar_msgs', 'ld_library_path_lib')
[1.896s] INFO:colcon.colcon_core.shell:Creating environment hook '/home/harm10/ros2_smartcar_ws/install/smartcar_msgs/share/smartcar_msgs/hook/ld_library_path_lib.ps1'
[1.896s] INFO:colcon.colcon_core.shell:Creating environment descriptor '/home/harm10/ros2_smartcar_ws/install/smartcar_msgs/share/smartcar_msgs/hook/ld_library_path_lib.dsv'
[1.896s] INFO:colcon.colcon_core.shell:Creating environment hook '/home/harm10/ros2_smartcar_ws/install/smartcar_msgs/share/smartcar_msgs/hook/ld_library_path_lib.sh'
[1.896s] Level 1:colcon.colcon_core.environment:checking '/home/harm10/ros2_smartcar_ws/install/smartcar_msgs/bin'
[1.897s] Level 1:colcon.colcon_core.environment:checking '/home/harm10/ros2_smartcar_ws/install/smartcar_msgs/lib/pkgconfig/smartcar_msgs.pc'
[1.897s] Level 1:colcon.colcon_core.environment:checking '/home/harm10/ros2_smartcar_ws/install/smartcar_msgs/lib/python3.10/site-packages'
[1.897s] Level 1:colcon.colcon_core.environment:checking '/home/harm10/ros2_smartcar_ws/install/smartcar_msgs/bin'
[1.897s] INFO:colcon.colcon_core.shell:Creating package script '/home/harm10/ros2_smartcar_ws/install/smartcar_msgs/share/smartcar_msgs/package.ps1'
[1.897s] INFO:colcon.colcon_core.shell:Creating package descriptor '/home/harm10/ros2_smartcar_ws/install/smartcar_msgs/share/smartcar_msgs/package.dsv'
[1.898s] INFO:colcon.colcon_core.shell:Creating package script '/home/harm10/ros2_smartcar_ws/install/smartcar_msgs/share/smartcar_msgs/package.sh'
[1.898s] INFO:colcon.colcon_core.shell:Creating package script '/home/harm10/ros2_smartcar_ws/install/smartcar_msgs/share/smartcar_msgs/package.bash'
[1.898s] INFO:colcon.colcon_core.shell:Creating package script '/home/harm10/ros2_smartcar_ws/install/smartcar_msgs/share/smartcar_msgs/package.zsh'
[1.899s] Level 1:colcon.colcon_core.environment:create_file_with_runtime_dependencies(/home/harm10/ros2_smartcar_ws/install/smartcar_msgs/share/colcon-core/packages/smartcar_msgs)
[1.899s] Level 1:colcon.colcon_core.environment:create_environment_scripts_only(smartcar_msgs)
[1.899s] Level 1:colcon.colcon_core.environment:checking '/home/harm10/ros2_smartcar_ws/install/smartcar_msgs' for CMake module files
[1.900s] Level 1:colcon.colcon_core.environment:checking '/home/harm10/ros2_smartcar_ws/install/smartcar_msgs' for CMake config files
[1.900s] Level 1:colcon.colcon_core.shell:create_environment_hook('smartcar_msgs', 'cmake_prefix_path')
[1.900s] INFO:colcon.colcon_core.shell:Creating environment hook '/home/harm10/ros2_smartcar_ws/install/smartcar_msgs/share/smartcar_msgs/hook/cmake_prefix_path.ps1'
[1.900s] INFO:colcon.colcon_core.shell:Creating environment descriptor '/home/harm10/ros2_smartcar_ws/install/smartcar_msgs/share/smartcar_msgs/hook/cmake_prefix_path.dsv'
[1.901s] INFO:colcon.colcon_core.shell:Creating environment hook '/home/harm10/ros2_smartcar_ws/install/smartcar_msgs/share/smartcar_msgs/hook/cmake_prefix_path.sh'
[1.901s] Level 1:colcon.colcon_core.environment:checking '/home/harm10/ros2_smartcar_ws/install/smartcar_msgs/lib'
[1.901s] Level 1:colcon.colcon_core.shell:create_environment_hook('smartcar_msgs', 'ld_library_path_lib')
[1.901s] INFO:colcon.colcon_core.shell:Creating environment hook '/home/harm10/ros2_smartcar_ws/install/smartcar_msgs/share/smartcar_msgs/hook/ld_library_path_lib.ps1'
[1.901s] INFO:colcon.colcon_core.shell:Creating environment descriptor '/home/harm10/ros2_smartcar_ws/install/smartcar_msgs/share/smartcar_msgs/hook/ld_library_path_lib.dsv'
[1.902s] INFO:colcon.colcon_core.shell:Creating environment hook '/home/harm10/ros2_smartcar_ws/install/smartcar_msgs/share/smartcar_msgs/hook/ld_library_path_lib.sh'
[1.902s] Level 1:colcon.colcon_core.environment:checking '/home/harm10/ros2_smartcar_ws/install/smartcar_msgs/bin'
[1.902s] Level 1:colcon.colcon_core.environment:checking '/home/harm10/ros2_smartcar_ws/install/smartcar_msgs/lib/pkgconfig/smartcar_msgs.pc'
[1.902s] Level 1:colcon.colcon_core.environment:checking '/home/harm10/ros2_smartcar_ws/install/smartcar_msgs/lib/python3.10/site-packages'
[1.902s] Level 1:colcon.colcon_core.environment:checking '/home/harm10/ros2_smartcar_ws/install/smartcar_msgs/bin'
[1.903s] INFO:colcon.colcon_core.shell:Creating package script '/home/harm10/ros2_smartcar_ws/install/smartcar_msgs/share/smartcar_msgs/package.ps1'
[1.903s] INFO:colcon.colcon_core.shell:Creating package descriptor '/home/harm10/ros2_smartcar_ws/install/smartcar_msgs/share/smartcar_msgs/package.dsv'
[1.903s] INFO:colcon.colcon_core.shell:Creating package script '/home/harm10/ros2_smartcar_ws/install/smartcar_msgs/share/smartcar_msgs/package.sh'
[1.904s] INFO:colcon.colcon_core.shell:Creating package script '/home/harm10/ros2_smartcar_ws/install/smartcar_msgs/share/smartcar_msgs/package.bash'
[1.904s] INFO:colcon.colcon_core.shell:Creating package script '/home/harm10/ros2_smartcar_ws/install/smartcar_msgs/share/smartcar_msgs/package.zsh'
[1.904s] Level 1:colcon.colcon_core.environment:create_file_with_runtime_dependencies(/home/harm10/ros2_smartcar_ws/install/smartcar_msgs/share/colcon-core/packages/smartcar_msgs)
[1.904s] DEBUG:colcon.colcon_parallel_executor.executor.parallel:closing loop
[1.905s] DEBUG:colcon.colcon_parallel_executor.executor.parallel:loop closed
[1.905s] DEBUG:colcon.colcon_parallel_executor.executor.parallel:run_until_complete finished with '0'
[1.905s] DEBUG:colcon.colcon_core.event_reactor:joining thread
[1.910s] INFO:colcon.colcon_core.plugin_system:Skipping extension 'colcon_notification.desktop_notification.terminal_notifier': Not used on non-Darwin systems
[1.910s] INFO:colcon.colcon_core.plugin_system:Skipping extension 'colcon_notification.desktop_notification.win32': Not used on non-Windows systems
[1.910s] INFO:colcon.colcon_notification.desktop_notification:Sending desktop notification using 'notify2'
[1.919s] DEBUG:colcon.colcon_core.event_reactor:joined thread
[1.919s] INFO:colcon.colcon_core.shell:Creating prefix script '/home/harm10/ros2_smartcar_ws/install/local_setup.ps1'
[1.920s] INFO:colcon.colcon_core.shell:Creating prefix util module '/home/harm10/ros2_smartcar_ws/install/_local_setup_util_ps1.py'
[1.921s] INFO:colcon.colcon_core.shell:Creating prefix chain script '/home/harm10/ros2_smartcar_ws/install/setup.ps1'
[1.922s] INFO:colcon.colcon_core.shell:Creating prefix script '/home/harm10/ros2_smartcar_ws/install/local_setup.sh'
[1.922s] INFO:colcon.colcon_core.shell:Creating prefix util module '/home/harm10/ros2_smartcar_ws/install/_local_setup_util_sh.py'
[1.922s] INFO:colcon.colcon_core.shell:Creating prefix chain script '/home/harm10/ros2_smartcar_ws/install/setup.sh'
[1.923s] INFO:colcon.colcon_core.shell:Creating prefix script '/home/harm10/ros2_smartcar_ws/install/local_setup.bash'
[1.923s] INFO:colcon.colcon_core.shell:Creating prefix chain script '/home/harm10/ros2_smartcar_ws/install/setup.bash'
[1.924s] INFO:colcon.colcon_core.shell:Creating prefix script '/home/harm10/ros2_smartcar_ws/install/local_setup.zsh'
[1.925s] INFO:colcon.colcon_core.shell:Creating prefix chain script '/home/harm10/ros2_smartcar_ws/install/setup.zsh'
