[  3%] [34m[1mGenerating C code for ROS interfaces[0m
[  6%] [34m[1mGenerating C++ code for ROS interfaces[0m
[  6%] Built target ament_cmake_python_copy_smartcar_msgs
[  6%] Built target smartcar_msgs__cpp
[ 16%] [34m[1mGenerating C++ type support for eProsima Fast-RTPS[0m
[ 16%] [34m[1mGenerating C++ type support dispatch for ROS interfaces[0m
[ 16%] [34m[1mGenerating C++ introspection for ROS interfaces[0m
running egg_info
creating smartcar_msgs.egg-info
writing smartcar_msgs.egg-info/PKG-INFO
writing dependency_links to smartcar_msgs.egg-info/dependency_links.txt
writing top-level names to smartcar_msgs.egg-info/top_level.txt
writing manifest file 'smartcar_msgs.egg-info/SOURCES.txt'
reading manifest file 'smartcar_msgs.egg-info/SOURCES.txt'
writing manifest file 'smartcar_msgs.egg-info/SOURCES.txt'
[ 19%] [32mBuilding C object CMakeFiles/smartcar_msgs__rosidl_generator_c.dir/rosidl_generator_c/smartcar_msgs/msg/detail/status__functions.c.o[0m
[ 19%] Built target ament_cmake_python_build_smartcar_msgs_egg
[ 22%] [32m[1mLinking C shared library libsmartcar_msgs__rosidl_generator_c.so[0m
[ 22%] Built target smartcar_msgs__rosidl_generator_c
[ 25%] [34m[1mGenerating C type support dispatch for ROS interfaces[0m
[ 32%] [34m[1mGenerating C type support for eProsima Fast-RTPS[0m
[ 32%] [34m[1mGenerating C introspection for ROS interfaces[0m
[ 35%] [32mBuilding CXX object CMakeFiles/smartcar_msgs__rosidl_typesupport_cpp.dir/rosidl_typesupport_cpp/smartcar_msgs/msg/status__type_support.cpp.o[0m
[ 38%] [32mBuilding CXX object CMakeFiles/smartcar_msgs__rosidl_typesupport_introspection_cpp.dir/rosidl_typesupport_introspection_cpp/smartcar_msgs/msg/detail/status__type_support.cpp.o[0m
[ 41%] [32mBuilding CXX object CMakeFiles/smartcar_msgs__rosidl_typesupport_fastrtps_cpp.dir/rosidl_typesupport_fastrtps_cpp/smartcar_msgs/msg/detail/dds_fastrtps/status__type_support.cpp.o[0m
[ 45%] [32mBuilding CXX object CMakeFiles/smartcar_msgs__rosidl_typesupport_c.dir/rosidl_typesupport_c/smartcar_msgs/msg/status__type_support.cpp.o[0m
[ 51%] [32mBuilding CXX object CMakeFiles/smartcar_msgs__rosidl_typesupport_fastrtps_c.dir/rosidl_typesupport_fastrtps_c/smartcar_msgs/msg/detail/status__type_support_c.cpp.o[0m
[ 51%] [32mBuilding C object CMakeFiles/smartcar_msgs__rosidl_typesupport_introspection_c.dir/rosidl_typesupport_introspection_c/smartcar_msgs/msg/detail/status__type_support.c.o[0m
[ 54%] [32m[1mLinking CXX shared library libsmartcar_msgs__rosidl_typesupport_c.so[0m
[ 58%] [32m[1mLinking C shared library libsmartcar_msgs__rosidl_typesupport_introspection_c.so[0m
[ 58%] Built target smartcar_msgs__rosidl_typesupport_c
[ 58%] Built target smartcar_msgs__rosidl_typesupport_introspection_c
[ 61%] [32m[1mLinking CXX shared library libsmartcar_msgs__rosidl_typesupport_cpp.so[0m
[ 61%] Built target smartcar_msgs__rosidl_typesupport_cpp
[ 64%] [32m[1mLinking CXX shared library libsmartcar_msgs__rosidl_typesupport_introspection_cpp.so[0m
[ 67%] [32m[1mLinking CXX shared library libsmartcar_msgs__rosidl_typesupport_fastrtps_cpp.so[0m
[ 67%] Built target smartcar_msgs__rosidl_typesupport_introspection_cpp
[ 70%] [32m[1mLinking CXX shared library libsmartcar_msgs__rosidl_typesupport_fastrtps_c.so[0m
[ 70%] Built target smartcar_msgs__rosidl_typesupport_fastrtps_cpp
[ 70%] Built target smartcar_msgs__rosidl_typesupport_fastrtps_c
[ 70%] Built target smartcar_msgs
[ 74%] [34m[1mGenerating Python code for ROS interfaces[0m
[ 74%] Built target smartcar_msgs__py
[ 77%] [32mBuilding C object CMakeFiles/smartcar_msgs__rosidl_generator_py.dir/rosidl_generator_py/smartcar_msgs/msg/_status_s.c.o[0m
[ 80%] [32m[1mLinking C shared library rosidl_generator_py/smartcar_msgs/libsmartcar_msgs__rosidl_generator_py.so[0m
[ 80%] Built target smartcar_msgs__rosidl_generator_py
[ 90%] [32mBuilding C object CMakeFiles/smartcar_msgs__rosidl_typesupport_introspection_c__pyext.dir/rosidl_generator_py/smartcar_msgs/_smartcar_msgs_s.ep.rosidl_typesupport_introspection_c.c.o[0m
[ 90%] [32mBuilding C object CMakeFiles/smartcar_msgs__rosidl_typesupport_c__pyext.dir/rosidl_generator_py/smartcar_msgs/_smartcar_msgs_s.ep.rosidl_typesupport_c.c.o[0m
[ 90%] [32mBuilding C object CMakeFiles/smartcar_msgs__rosidl_typesupport_fastrtps_c__pyext.dir/rosidl_generator_py/smartcar_msgs/_smartcar_msgs_s.ep.rosidl_typesupport_fastrtps_c.c.o[0m
[100%] [32m[1mLinking C shared library rosidl_generator_py/smartcar_msgs/smartcar_msgs_s__rosidl_typesupport_introspection_c.cpython-310-x86_64-linux-gnu.so[0m
[100%] [32m[1mLinking C shared library rosidl_generator_py/smartcar_msgs/smartcar_msgs_s__rosidl_typesupport_c.cpython-310-x86_64-linux-gnu.so[0m
[100%] [32m[1mLinking C shared library rosidl_generator_py/smartcar_msgs/smartcar_msgs_s__rosidl_typesupport_fastrtps_c.cpython-310-x86_64-linux-gnu.so[0m
[100%] Built target smartcar_msgs__rosidl_typesupport_fastrtps_c__pyext
[100%] Built target smartcar_msgs__rosidl_typesupport_introspection_c__pyext
[100%] Built target smartcar_msgs__rosidl_typesupport_c__pyext
-- Install configuration: ""
-- Installing: /home/harm10/ros2_smartcar_ws/install/smartcar_msgs/share/ament_index/resource_index/rosidl_interfaces/smartcar_msgs
-- Installing: /home/harm10/ros2_smartcar_ws/install/smartcar_msgs/include/smartcar_msgs/smartcar_msgs
-- Installing: /home/harm10/ros2_smartcar_ws/install/smartcar_msgs/include/smartcar_msgs/smartcar_msgs/msg
-- Installing: /home/harm10/ros2_smartcar_ws/install/smartcar_msgs/include/smartcar_msgs/smartcar_msgs/msg/detail
-- Installing: /home/harm10/ros2_smartcar_ws/install/smartcar_msgs/include/smartcar_msgs/smartcar_msgs/msg/detail/status__type_support.h
-- Installing: /home/harm10/ros2_smartcar_ws/install/smartcar_msgs/include/smartcar_msgs/smartcar_msgs/msg/detail/status__functions.c
-- Installing: /home/harm10/ros2_smartcar_ws/install/smartcar_msgs/include/smartcar_msgs/smartcar_msgs/msg/detail/status__struct.h
-- Installing: /home/harm10/ros2_smartcar_ws/install/smartcar_msgs/include/smartcar_msgs/smartcar_msgs/msg/detail/status__functions.h
-- Installing: /home/harm10/ros2_smartcar_ws/install/smartcar_msgs/include/smartcar_msgs/smartcar_msgs/msg/rosidl_generator_c__visibility_control.h
-- Installing: /home/harm10/ros2_smartcar_ws/install/smartcar_msgs/include/smartcar_msgs/smartcar_msgs/msg/status.h
-- Installing: /home/harm10/ros2_smartcar_ws/install/smartcar_msgs/share/smartcar_msgs/environment/library_path.sh
-- Installing: /home/harm10/ros2_smartcar_ws/install/smartcar_msgs/share/smartcar_msgs/environment/library_path.dsv
-- Installing: /home/harm10/ros2_smartcar_ws/install/smartcar_msgs/lib/libsmartcar_msgs__rosidl_generator_c.so
-- Set runtime path of "/home/harm10/ros2_smartcar_ws/install/smartcar_msgs/lib/libsmartcar_msgs__rosidl_generator_c.so" to ""
-- Up-to-date: /home/harm10/ros2_smartcar_ws/install/smartcar_msgs/include/smartcar_msgs/smartcar_msgs
-- Up-to-date: /home/harm10/ros2_smartcar_ws/install/smartcar_msgs/include/smartcar_msgs/smartcar_msgs/msg
-- Up-to-date: /home/harm10/ros2_smartcar_ws/install/smartcar_msgs/include/smartcar_msgs/smartcar_msgs/msg/detail
-- Installing: /home/harm10/ros2_smartcar_ws/install/smartcar_msgs/include/smartcar_msgs/smartcar_msgs/msg/detail/status__rosidl_typesupport_fastrtps_c.h
-- Installing: /home/harm10/ros2_smartcar_ws/install/smartcar_msgs/include/smartcar_msgs/smartcar_msgs/msg/rosidl_typesupport_fastrtps_c__visibility_control.h
-- Installing: /home/harm10/ros2_smartcar_ws/install/smartcar_msgs/lib/libsmartcar_msgs__rosidl_typesupport_fastrtps_c.so
-- Set runtime path of "/home/harm10/ros2_smartcar_ws/install/smartcar_msgs/lib/libsmartcar_msgs__rosidl_typesupport_fastrtps_c.so" to ""
-- Up-to-date: /home/harm10/ros2_smartcar_ws/install/smartcar_msgs/include/smartcar_msgs/smartcar_msgs
-- Up-to-date: /home/harm10/ros2_smartcar_ws/install/smartcar_msgs/include/smartcar_msgs/smartcar_msgs/msg
-- Up-to-date: /home/harm10/ros2_smartcar_ws/install/smartcar_msgs/include/smartcar_msgs/smartcar_msgs/msg/detail
-- Installing: /home/harm10/ros2_smartcar_ws/install/smartcar_msgs/include/smartcar_msgs/smartcar_msgs/msg/detail/status__struct.hpp
-- Installing: /home/harm10/ros2_smartcar_ws/install/smartcar_msgs/include/smartcar_msgs/smartcar_msgs/msg/detail/status__type_support.hpp
-- Installing: /home/harm10/ros2_smartcar_ws/install/smartcar_msgs/include/smartcar_msgs/smartcar_msgs/msg/detail/status__traits.hpp
-- Installing: /home/harm10/ros2_smartcar_ws/install/smartcar_msgs/include/smartcar_msgs/smartcar_msgs/msg/detail/status__builder.hpp
-- Installing: /home/harm10/ros2_smartcar_ws/install/smartcar_msgs/include/smartcar_msgs/smartcar_msgs/msg/status.hpp
-- Installing: /home/harm10/ros2_smartcar_ws/install/smartcar_msgs/include/smartcar_msgs/smartcar_msgs/msg/rosidl_generator_cpp__visibility_control.hpp
-- Up-to-date: /home/harm10/ros2_smartcar_ws/install/smartcar_msgs/include/smartcar_msgs/smartcar_msgs
-- Up-to-date: /home/harm10/ros2_smartcar_ws/install/smartcar_msgs/include/smartcar_msgs/smartcar_msgs/msg
-- Up-to-date: /home/harm10/ros2_smartcar_ws/install/smartcar_msgs/include/smartcar_msgs/smartcar_msgs/msg/detail
-- Installing: /home/harm10/ros2_smartcar_ws/install/smartcar_msgs/include/smartcar_msgs/smartcar_msgs/msg/detail/dds_fastrtps
-- Installing: /home/harm10/ros2_smartcar_ws/install/smartcar_msgs/include/smartcar_msgs/smartcar_msgs/msg/detail/status__rosidl_typesupport_fastrtps_cpp.hpp
-- Installing: /home/harm10/ros2_smartcar_ws/install/smartcar_msgs/include/smartcar_msgs/smartcar_msgs/msg/rosidl_typesupport_fastrtps_cpp__visibility_control.h
-- Installing: /home/harm10/ros2_smartcar_ws/install/smartcar_msgs/lib/libsmartcar_msgs__rosidl_typesupport_fastrtps_cpp.so
-- Set runtime path of "/home/harm10/ros2_smartcar_ws/install/smartcar_msgs/lib/libsmartcar_msgs__rosidl_typesupport_fastrtps_cpp.so" to ""
-- Up-to-date: /home/harm10/ros2_smartcar_ws/install/smartcar_msgs/include/smartcar_msgs/smartcar_msgs
-- Up-to-date: /home/harm10/ros2_smartcar_ws/install/smartcar_msgs/include/smartcar_msgs/smartcar_msgs/msg
-- Up-to-date: /home/harm10/ros2_smartcar_ws/install/smartcar_msgs/include/smartcar_msgs/smartcar_msgs/msg/detail
-- Installing: /home/harm10/ros2_smartcar_ws/install/smartcar_msgs/include/smartcar_msgs/smartcar_msgs/msg/detail/status__type_support.c
-- Installing: /home/harm10/ros2_smartcar_ws/install/smartcar_msgs/include/smartcar_msgs/smartcar_msgs/msg/detail/status__rosidl_typesupport_introspection_c.h
-- Installing: /home/harm10/ros2_smartcar_ws/install/smartcar_msgs/include/smartcar_msgs/smartcar_msgs/msg/rosidl_typesupport_introspection_c__visibility_control.h
-- Installing: /home/harm10/ros2_smartcar_ws/install/smartcar_msgs/lib/libsmartcar_msgs__rosidl_typesupport_introspection_c.so
-- Set runtime path of "/home/harm10/ros2_smartcar_ws/install/smartcar_msgs/lib/libsmartcar_msgs__rosidl_typesupport_introspection_c.so" to ""
-- Installing: /home/harm10/ros2_smartcar_ws/install/smartcar_msgs/lib/libsmartcar_msgs__rosidl_typesupport_c.so
-- Set runtime path of "/home/harm10/ros2_smartcar_ws/install/smartcar_msgs/lib/libsmartcar_msgs__rosidl_typesupport_c.so" to ""
-- Up-to-date: /home/harm10/ros2_smartcar_ws/install/smartcar_msgs/include/smartcar_msgs/smartcar_msgs
-- Up-to-date: /home/harm10/ros2_smartcar_ws/install/smartcar_msgs/include/smartcar_msgs/smartcar_msgs/msg
-- Up-to-date: /home/harm10/ros2_smartcar_ws/install/smartcar_msgs/include/smartcar_msgs/smartcar_msgs/msg/detail
-- Installing: /home/harm10/ros2_smartcar_ws/install/smartcar_msgs/include/smartcar_msgs/smartcar_msgs/msg/detail/status__rosidl_typesupport_introspection_cpp.hpp
-- Installing: /home/harm10/ros2_smartcar_ws/install/smartcar_msgs/include/smartcar_msgs/smartcar_msgs/msg/detail/status__type_support.cpp
-- Installing: /home/harm10/ros2_smartcar_ws/install/smartcar_msgs/lib/libsmartcar_msgs__rosidl_typesupport_introspection_cpp.so
-- Set runtime path of "/home/harm10/ros2_smartcar_ws/install/smartcar_msgs/lib/libsmartcar_msgs__rosidl_typesupport_introspection_cpp.so" to ""
-- Installing: /home/harm10/ros2_smartcar_ws/install/smartcar_msgs/lib/libsmartcar_msgs__rosidl_typesupport_cpp.so
-- Set runtime path of "/home/harm10/ros2_smartcar_ws/install/smartcar_msgs/lib/libsmartcar_msgs__rosidl_typesupport_cpp.so" to ""
-- Installing: /home/harm10/ros2_smartcar_ws/install/smartcar_msgs/share/smartcar_msgs/environment/pythonpath.sh
-- Installing: /home/harm10/ros2_smartcar_ws/install/smartcar_msgs/share/smartcar_msgs/environment/pythonpath.dsv
-- Installing: /home/harm10/ros2_smartcar_ws/install/smartcar_msgs/local/lib/python3.10/dist-packages/smartcar_msgs-0.0.0-py3.10.egg-info
-- Installing: /home/harm10/ros2_smartcar_ws/install/smartcar_msgs/local/lib/python3.10/dist-packages/smartcar_msgs-0.0.0-py3.10.egg-info/SOURCES.txt
-- Installing: /home/harm10/ros2_smartcar_ws/install/smartcar_msgs/local/lib/python3.10/dist-packages/smartcar_msgs-0.0.0-py3.10.egg-info/top_level.txt
-- Installing: /home/harm10/ros2_smartcar_ws/install/smartcar_msgs/local/lib/python3.10/dist-packages/smartcar_msgs-0.0.0-py3.10.egg-info/dependency_links.txt
-- Installing: /home/harm10/ros2_smartcar_ws/install/smartcar_msgs/local/lib/python3.10/dist-packages/smartcar_msgs-0.0.0-py3.10.egg-info/PKG-INFO
-- Installing: /home/harm10/ros2_smartcar_ws/install/smartcar_msgs/local/lib/python3.10/dist-packages/smartcar_msgs
-- Installing: /home/harm10/ros2_smartcar_ws/install/smartcar_msgs/local/lib/python3.10/dist-packages/smartcar_msgs/_smartcar_msgs_s.ep.rosidl_typesupport_c.c
-- Installing: /home/harm10/ros2_smartcar_ws/install/smartcar_msgs/local/lib/python3.10/dist-packages/smartcar_msgs/_smartcar_msgs_s.ep.rosidl_typesupport_introspection_c.c
-- Installing: /home/harm10/ros2_smartcar_ws/install/smartcar_msgs/local/lib/python3.10/dist-packages/smartcar_msgs/smartcar_msgs_s__rosidl_typesupport_fastrtps_c.cpython-310-x86_64-linux-gnu.so
-- Installing: /home/harm10/ros2_smartcar_ws/install/smartcar_msgs/local/lib/python3.10/dist-packages/smartcar_msgs/__init__.py
-- Installing: /home/harm10/ros2_smartcar_ws/install/smartcar_msgs/local/lib/python3.10/dist-packages/smartcar_msgs/smartcar_msgs_s__rosidl_typesupport_introspection_c.cpython-310-x86_64-linux-gnu.so
-- Installing: /home/harm10/ros2_smartcar_ws/install/smartcar_msgs/local/lib/python3.10/dist-packages/smartcar_msgs/smartcar_msgs_s__rosidl_typesupport_c.cpython-310-x86_64-linux-gnu.so
-- Installing: /home/harm10/ros2_smartcar_ws/install/smartcar_msgs/local/lib/python3.10/dist-packages/smartcar_msgs/_smartcar_msgs_s.ep.rosidl_typesupport_fastrtps_c.c
-- Installing: /home/harm10/ros2_smartcar_ws/install/smartcar_msgs/local/lib/python3.10/dist-packages/smartcar_msgs/msg
-- Installing: /home/harm10/ros2_smartcar_ws/install/smartcar_msgs/local/lib/python3.10/dist-packages/smartcar_msgs/msg/__init__.py
-- Installing: /home/harm10/ros2_smartcar_ws/install/smartcar_msgs/local/lib/python3.10/dist-packages/smartcar_msgs/msg/_status.py
-- Installing: /home/harm10/ros2_smartcar_ws/install/smartcar_msgs/local/lib/python3.10/dist-packages/smartcar_msgs/msg/_status_s.c
-- Installing: /home/harm10/ros2_smartcar_ws/install/smartcar_msgs/local/lib/python3.10/dist-packages/smartcar_msgs/libsmartcar_msgs__rosidl_generator_py.so
Listing '/home/harm10/ros2_smartcar_ws/install/smartcar_msgs/local/lib/python3.10/dist-packages/smartcar_msgs'...
Compiling '/home/harm10/ros2_smartcar_ws/install/smartcar_msgs/local/lib/python3.10/dist-packages/smartcar_msgs/__init__.py'...
Listing '/home/harm10/ros2_smartcar_ws/install/smartcar_msgs/local/lib/python3.10/dist-packages/smartcar_msgs/msg'...
Compiling '/home/harm10/ros2_smartcar_ws/install/smartcar_msgs/local/lib/python3.10/dist-packages/smartcar_msgs/msg/__init__.py'...
Compiling '/home/harm10/ros2_smartcar_ws/install/smartcar_msgs/local/lib/python3.10/dist-packages/smartcar_msgs/msg/_status.py'...
-- Installing: /home/harm10/ros2_smartcar_ws/install/smartcar_msgs/local/lib/python3.10/dist-packages/smartcar_msgs/smartcar_msgs_s__rosidl_typesupport_fastrtps_c.cpython-310-x86_64-linux-gnu.so
-- Set runtime path of "/home/harm10/ros2_smartcar_ws/install/smartcar_msgs/local/lib/python3.10/dist-packages/smartcar_msgs/smartcar_msgs_s__rosidl_typesupport_fastrtps_c.cpython-310-x86_64-linux-gnu.so" to ""
-- Installing: /home/harm10/ros2_smartcar_ws/install/smartcar_msgs/local/lib/python3.10/dist-packages/smartcar_msgs/smartcar_msgs_s__rosidl_typesupport_introspection_c.cpython-310-x86_64-linux-gnu.so
-- Set runtime path of "/home/harm10/ros2_smartcar_ws/install/smartcar_msgs/local/lib/python3.10/dist-packages/smartcar_msgs/smartcar_msgs_s__rosidl_typesupport_introspection_c.cpython-310-x86_64-linux-gnu.so" to ""
-- Installing: /home/harm10/ros2_smartcar_ws/install/smartcar_msgs/local/lib/python3.10/dist-packages/smartcar_msgs/smartcar_msgs_s__rosidl_typesupport_c.cpython-310-x86_64-linux-gnu.so
-- Set runtime path of "/home/harm10/ros2_smartcar_ws/install/smartcar_msgs/local/lib/python3.10/dist-packages/smartcar_msgs/smartcar_msgs_s__rosidl_typesupport_c.cpython-310-x86_64-linux-gnu.so" to ""
-- Installing: /home/harm10/ros2_smartcar_ws/install/smartcar_msgs/lib/libsmartcar_msgs__rosidl_generator_py.so
-- Set runtime path of "/home/harm10/ros2_smartcar_ws/install/smartcar_msgs/lib/libsmartcar_msgs__rosidl_generator_py.so" to ""
-- Installing: /home/harm10/ros2_smartcar_ws/install/smartcar_msgs/share/smartcar_msgs/msg/Status.idl
-- Installing: /home/harm10/ros2_smartcar_ws/install/smartcar_msgs/share/smartcar_msgs/msg/Status.msg
-- Up-to-date: /home/harm10/ros2_smartcar_ws/install/smartcar_msgs/share/smartcar_msgs/msg
-- Up-to-date: /home/harm10/ros2_smartcar_ws/install/smartcar_msgs/share/smartcar_msgs/msg/Status.msg
-- Installing: /home/harm10/ros2_smartcar_ws/install/smartcar_msgs/share/ament_index/resource_index/package_run_dependencies/smartcar_msgs
-- Installing: /home/harm10/ros2_smartcar_ws/install/smartcar_msgs/share/ament_index/resource_index/parent_prefix_path/smartcar_msgs
-- Installing: /home/harm10/ros2_smartcar_ws/install/smartcar_msgs/share/smartcar_msgs/environment/ament_prefix_path.sh
-- Installing: /home/harm10/ros2_smartcar_ws/install/smartcar_msgs/share/smartcar_msgs/environment/ament_prefix_path.dsv
-- Installing: /home/harm10/ros2_smartcar_ws/install/smartcar_msgs/share/smartcar_msgs/environment/path.sh
-- Installing: /home/harm10/ros2_smartcar_ws/install/smartcar_msgs/share/smartcar_msgs/environment/path.dsv
-- Installing: /home/harm10/ros2_smartcar_ws/install/smartcar_msgs/share/smartcar_msgs/local_setup.bash
-- Installing: /home/harm10/ros2_smartcar_ws/install/smartcar_msgs/share/smartcar_msgs/local_setup.sh
-- Installing: /home/harm10/ros2_smartcar_ws/install/smartcar_msgs/share/smartcar_msgs/local_setup.zsh
-- Installing: /home/harm10/ros2_smartcar_ws/install/smartcar_msgs/share/smartcar_msgs/local_setup.dsv
-- Installing: /home/harm10/ros2_smartcar_ws/install/smartcar_msgs/share/smartcar_msgs/package.dsv
-- Installing: /home/harm10/ros2_smartcar_ws/install/smartcar_msgs/share/ament_index/resource_index/packages/smartcar_msgs
-- Installing: /home/harm10/ros2_smartcar_ws/install/smartcar_msgs/share/smartcar_msgs/cmake/export_smartcar_msgs__rosidl_generator_cExport.cmake
-- Installing: /home/harm10/ros2_smartcar_ws/install/smartcar_msgs/share/smartcar_msgs/cmake/export_smartcar_msgs__rosidl_generator_cExport-noconfig.cmake
-- Installing: /home/harm10/ros2_smartcar_ws/install/smartcar_msgs/share/smartcar_msgs/cmake/export_smartcar_msgs__rosidl_typesupport_fastrtps_cExport.cmake
-- Installing: /home/harm10/ros2_smartcar_ws/install/smartcar_msgs/share/smartcar_msgs/cmake/export_smartcar_msgs__rosidl_typesupport_fastrtps_cExport-noconfig.cmake
-- Installing: /home/harm10/ros2_smartcar_ws/install/smartcar_msgs/share/smartcar_msgs/cmake/export_smartcar_msgs__rosidl_generator_cppExport.cmake
-- Installing: /home/harm10/ros2_smartcar_ws/install/smartcar_msgs/share/smartcar_msgs/cmake/export_smartcar_msgs__rosidl_typesupport_fastrtps_cppExport.cmake
-- Installing: /home/harm10/ros2_smartcar_ws/install/smartcar_msgs/share/smartcar_msgs/cmake/export_smartcar_msgs__rosidl_typesupport_fastrtps_cppExport-noconfig.cmake
-- Installing: /home/harm10/ros2_smartcar_ws/install/smartcar_msgs/share/smartcar_msgs/cmake/smartcar_msgs__rosidl_typesupport_introspection_cExport.cmake
-- Installing: /home/harm10/ros2_smartcar_ws/install/smartcar_msgs/share/smartcar_msgs/cmake/smartcar_msgs__rosidl_typesupport_introspection_cExport-noconfig.cmake
-- Installing: /home/harm10/ros2_smartcar_ws/install/smartcar_msgs/share/smartcar_msgs/cmake/smartcar_msgs__rosidl_typesupport_cExport.cmake
-- Installing: /home/harm10/ros2_smartcar_ws/install/smartcar_msgs/share/smartcar_msgs/cmake/smartcar_msgs__rosidl_typesupport_cExport-noconfig.cmake
-- Installing: /home/harm10/ros2_smartcar_ws/install/smartcar_msgs/share/smartcar_msgs/cmake/smartcar_msgs__rosidl_typesupport_introspection_cppExport.cmake
-- Installing: /home/harm10/ros2_smartcar_ws/install/smartcar_msgs/share/smartcar_msgs/cmake/smartcar_msgs__rosidl_typesupport_introspection_cppExport-noconfig.cmake
-- Installing: /home/harm10/ros2_smartcar_ws/install/smartcar_msgs/share/smartcar_msgs/cmake/smartcar_msgs__rosidl_typesupport_cppExport.cmake
-- Installing: /home/harm10/ros2_smartcar_ws/install/smartcar_msgs/share/smartcar_msgs/cmake/smartcar_msgs__rosidl_typesupport_cppExport-noconfig.cmake
-- Installing: /home/harm10/ros2_smartcar_ws/install/smartcar_msgs/share/smartcar_msgs/cmake/export_smartcar_msgs__rosidl_generator_pyExport.cmake
-- Installing: /home/harm10/ros2_smartcar_ws/install/smartcar_msgs/share/smartcar_msgs/cmake/export_smartcar_msgs__rosidl_generator_pyExport-noconfig.cmake
-- Installing: /home/harm10/ros2_smartcar_ws/install/smartcar_msgs/share/smartcar_msgs/cmake/rosidl_cmake-extras.cmake
-- Installing: /home/harm10/ros2_smartcar_ws/install/smartcar_msgs/share/smartcar_msgs/cmake/ament_cmake_export_dependencies-extras.cmake
-- Installing: /home/harm10/ros2_smartcar_ws/install/smartcar_msgs/share/smartcar_msgs/cmake/ament_cmake_export_include_directories-extras.cmake
-- Installing: /home/harm10/ros2_smartcar_ws/install/smartcar_msgs/share/smartcar_msgs/cmake/ament_cmake_export_libraries-extras.cmake
-- Installing: /home/harm10/ros2_smartcar_ws/install/smartcar_msgs/share/smartcar_msgs/cmake/ament_cmake_export_targets-extras.cmake
-- Installing: /home/harm10/ros2_smartcar_ws/install/smartcar_msgs/share/smartcar_msgs/cmake/rosidl_cmake_export_typesupport_targets-extras.cmake
-- Installing: /home/harm10/ros2_smartcar_ws/install/smartcar_msgs/share/smartcar_msgs/cmake/rosidl_cmake_export_typesupport_libraries-extras.cmake
-- Installing: /home/harm10/ros2_smartcar_ws/install/smartcar_msgs/share/smartcar_msgs/cmake/smartcar_msgsConfig.cmake
-- Installing: /home/harm10/ros2_smartcar_ws/install/smartcar_msgs/share/smartcar_msgs/cmake/smartcar_msgsConfig-version.cmake
-- Installing: /home/harm10/ros2_smartcar_ws/install/smartcar_msgs/share/smartcar_msgs/package.xml
