[0.009s] Invoking command in '/home/harm10/ros2_smartcar_ws/build/smartcar_msgs': CMAKE_PREFIX_PATH=${CMAKE_PREFIX_PATH}:/opt/ros/humble /usr/bin/cmake --build /home/harm10/ros2_smartcar_ws/build/smartcar_msgs -- -j16 -l16
[0.047s] [  3%] [34m[1mGenerating C code for ROS interfaces[0m
[0.061s] [  6%] [34m[1mGenerating C++ code for ROS interfaces[0m
[0.085s] [  6%] Built target ament_cmake_python_copy_smartcar_msgs
[0.281s] [  6%] Built target smartcar_msgs__cpp
[0.291s] [ 16%] [34m[1mGenerating C++ type support for eProsima Fast-RTPS[0m
[0.291s] [ 16%] [34m[1mGenerating C++ type support dispatch for ROS interfaces[0m
[0.291s] [ 16%] [34m[1mGenerating C++ introspection for ROS interfaces[0m
[0.296s] running egg_info
[0.296s] creating smartcar_msgs.egg-info
[0.297s] writing smartcar_msgs.egg-info/PKG-INFO
[0.297s] writing dependency_links to smartcar_msgs.egg-info/dependency_links.txt
[0.297s] writing top-level names to smartcar_msgs.egg-info/top_level.txt
[0.297s] writing manifest file 'smartcar_msgs.egg-info/SOURCES.txt'
[0.299s] reading manifest file 'smartcar_msgs.egg-info/SOURCES.txt'
[0.299s] writing manifest file 'smartcar_msgs.egg-info/SOURCES.txt'
[0.306s] [ 19%] [32mBuilding C object CMakeFiles/smartcar_msgs__rosidl_generator_c.dir/rosidl_generator_c/smartcar_msgs/msg/detail/status__functions.c.o[0m
[0.344s] [ 19%] Built target ament_cmake_python_build_smartcar_msgs_egg
[0.354s] [ 22%] [32m[1mLinking C shared library libsmartcar_msgs__rosidl_generator_c.so[0m
[0.388s] [ 22%] Built target smartcar_msgs__rosidl_generator_c
[0.400s] [ 25%] [34m[1mGenerating C type support dispatch for ROS interfaces[0m
[0.400s] [ 32%] [34m[1mGenerating C type support for eProsima Fast-RTPS[0m
[0.400s] [ 32%] [34m[1mGenerating C introspection for ROS interfaces[0m
[0.489s] [ 35%] [32mBuilding CXX object CMakeFiles/smartcar_msgs__rosidl_typesupport_cpp.dir/rosidl_typesupport_cpp/smartcar_msgs/msg/status__type_support.cpp.o[0m
[0.499s] [ 38%] [32mBuilding CXX object CMakeFiles/smartcar_msgs__rosidl_typesupport_introspection_cpp.dir/rosidl_typesupport_introspection_cpp/smartcar_msgs/msg/detail/status__type_support.cpp.o[0m
[0.518s] [ 41%] [32mBuilding CXX object CMakeFiles/smartcar_msgs__rosidl_typesupport_fastrtps_cpp.dir/rosidl_typesupport_fastrtps_cpp/smartcar_msgs/msg/detail/dds_fastrtps/status__type_support.cpp.o[0m
[0.598s] [ 45%] [32mBuilding CXX object CMakeFiles/smartcar_msgs__rosidl_typesupport_c.dir/rosidl_typesupport_c/smartcar_msgs/msg/status__type_support.cpp.o[0m
[0.614s] [ 51%] [32mBuilding CXX object CMakeFiles/smartcar_msgs__rosidl_typesupport_fastrtps_c.dir/rosidl_typesupport_fastrtps_c/smartcar_msgs/msg/detail/status__type_support_c.cpp.o[0m
[0.614s] [ 51%] [32mBuilding C object CMakeFiles/smartcar_msgs__rosidl_typesupport_introspection_c.dir/rosidl_typesupport_introspection_c/smartcar_msgs/msg/detail/status__type_support.c.o[0m
[0.628s] [ 54%] [32m[1mLinking CXX shared library libsmartcar_msgs__rosidl_typesupport_c.so[0m
[0.647s] [ 58%] [32m[1mLinking C shared library libsmartcar_msgs__rosidl_typesupport_introspection_c.so[0m
[0.668s] [ 58%] Built target smartcar_msgs__rosidl_typesupport_c
[0.679s] [ 58%] Built target smartcar_msgs__rosidl_typesupport_introspection_c
[0.736s] [ 61%] [32m[1mLinking CXX shared library libsmartcar_msgs__rosidl_typesupport_cpp.so[0m
[0.786s] [ 61%] Built target smartcar_msgs__rosidl_typesupport_cpp
[0.847s] [ 64%] [32m[1mLinking CXX shared library libsmartcar_msgs__rosidl_typesupport_introspection_cpp.so[0m
[0.873s] [ 67%] [32m[1mLinking CXX shared library libsmartcar_msgs__rosidl_typesupport_fastrtps_cpp.so[0m
[0.885s] [ 67%] Built target smartcar_msgs__rosidl_typesupport_introspection_cpp
[0.905s] [ 70%] [32m[1mLinking CXX shared library libsmartcar_msgs__rosidl_typesupport_fastrtps_c.so[0m
[0.942s] [ 70%] Built target smartcar_msgs__rosidl_typesupport_fastrtps_cpp
[0.972s] [ 70%] Built target smartcar_msgs__rosidl_typesupport_fastrtps_c
[0.990s] [ 70%] Built target smartcar_msgs
[1.008s] [ 74%] [34m[1mGenerating Python code for ROS interfaces[0m
[1.232s] [ 74%] Built target smartcar_msgs__py
[1.249s] [ 77%] [32mBuilding C object CMakeFiles/smartcar_msgs__rosidl_generator_py.dir/rosidl_generator_py/smartcar_msgs/msg/_status_s.c.o[0m
[1.337s] [ 80%] [32m[1mLinking C shared library rosidl_generator_py/smartcar_msgs/libsmartcar_msgs__rosidl_generator_py.so[0m
[1.372s] [ 80%] Built target smartcar_msgs__rosidl_generator_py
[1.390s] [ 90%] [32mBuilding C object CMakeFiles/smartcar_msgs__rosidl_typesupport_introspection_c__pyext.dir/rosidl_generator_py/smartcar_msgs/_smartcar_msgs_s.ep.rosidl_typesupport_introspection_c.c.o[0m
[1.390s] [ 90%] [32mBuilding C object CMakeFiles/smartcar_msgs__rosidl_typesupport_c__pyext.dir/rosidl_generator_py/smartcar_msgs/_smartcar_msgs_s.ep.rosidl_typesupport_c.c.o[0m
[1.391s] [ 90%] [32mBuilding C object CMakeFiles/smartcar_msgs__rosidl_typesupport_fastrtps_c__pyext.dir/rosidl_generator_py/smartcar_msgs/_smartcar_msgs_s.ep.rosidl_typesupport_fastrtps_c.c.o[0m
[1.493s] [100%] [32m[1mLinking C shared library rosidl_generator_py/smartcar_msgs/smartcar_msgs_s__rosidl_typesupport_introspection_c.cpython-310-x86_64-linux-gnu.so[0m
[1.493s] [100%] [32m[1mLinking C shared library rosidl_generator_py/smartcar_msgs/smartcar_msgs_s__rosidl_typesupport_c.cpython-310-x86_64-linux-gnu.so[0m
[1.493s] [100%] [32m[1mLinking C shared library rosidl_generator_py/smartcar_msgs/smartcar_msgs_s__rosidl_typesupport_fastrtps_c.cpython-310-x86_64-linux-gnu.so[0m
[1.542s] [100%] Built target smartcar_msgs__rosidl_typesupport_fastrtps_c__pyext
[1.542s] [100%] Built target smartcar_msgs__rosidl_typesupport_introspection_c__pyext
[1.542s] [100%] Built target smartcar_msgs__rosidl_typesupport_c__pyext
[1.553s] Invoked command in '/home/harm10/ros2_smartcar_ws/build/smartcar_msgs' returned '0': CMAKE_PREFIX_PATH=${CMAKE_PREFIX_PATH}:/opt/ros/humble /usr/bin/cmake --build /home/harm10/ros2_smartcar_ws/build/smartcar_msgs -- -j16 -l16
[1.554s] Invoking command in '/home/harm10/ros2_smartcar_ws/build/smartcar_msgs': CMAKE_PREFIX_PATH=${CMAKE_PREFIX_PATH}:/opt/ros/humble /usr/bin/cmake --install /home/harm10/ros2_smartcar_ws/build/smartcar_msgs
[1.561s] -- Install configuration: ""
[1.561s] -- Installing: /home/harm10/ros2_smartcar_ws/install/smartcar_msgs/share/ament_index/resource_index/rosidl_interfaces/smartcar_msgs
[1.561s] -- Installing: /home/harm10/ros2_smartcar_ws/install/smartcar_msgs/include/smartcar_msgs/smartcar_msgs
[1.561s] -- Installing: /home/harm10/ros2_smartcar_ws/install/smartcar_msgs/include/smartcar_msgs/smartcar_msgs/msg
[1.561s] -- Installing: /home/harm10/ros2_smartcar_ws/install/smartcar_msgs/include/smartcar_msgs/smartcar_msgs/msg/detail
[1.561s] -- Installing: /home/harm10/ros2_smartcar_ws/install/smartcar_msgs/include/smartcar_msgs/smartcar_msgs/msg/detail/status__type_support.h
[1.561s] -- Installing: /home/harm10/ros2_smartcar_ws/install/smartcar_msgs/include/smartcar_msgs/smartcar_msgs/msg/detail/status__functions.c
[1.561s] -- Installing: /home/harm10/ros2_smartcar_ws/install/smartcar_msgs/include/smartcar_msgs/smartcar_msgs/msg/detail/status__struct.h
[1.562s] -- Installing: /home/harm10/ros2_smartcar_ws/install/smartcar_msgs/include/smartcar_msgs/smartcar_msgs/msg/detail/status__functions.h
[1.562s] -- Installing: /home/harm10/ros2_smartcar_ws/install/smartcar_msgs/include/smartcar_msgs/smartcar_msgs/msg/rosidl_generator_c__visibility_control.h
[1.562s] -- Installing: /home/harm10/ros2_smartcar_ws/install/smartcar_msgs/include/smartcar_msgs/smartcar_msgs/msg/status.h
[1.562s] -- Installing: /home/harm10/ros2_smartcar_ws/install/smartcar_msgs/share/smartcar_msgs/environment/library_path.sh
[1.562s] -- Installing: /home/harm10/ros2_smartcar_ws/install/smartcar_msgs/share/smartcar_msgs/environment/library_path.dsv
[1.562s] -- Installing: /home/harm10/ros2_smartcar_ws/install/smartcar_msgs/lib/libsmartcar_msgs__rosidl_generator_c.so
[1.563s] -- Set runtime path of "/home/harm10/ros2_smartcar_ws/install/smartcar_msgs/lib/libsmartcar_msgs__rosidl_generator_c.so" to ""
[1.563s] -- Up-to-date: /home/harm10/ros2_smartcar_ws/install/smartcar_msgs/include/smartcar_msgs/smartcar_msgs
[1.563s] -- Up-to-date: /home/harm10/ros2_smartcar_ws/install/smartcar_msgs/include/smartcar_msgs/smartcar_msgs/msg
[1.563s] -- Up-to-date: /home/harm10/ros2_smartcar_ws/install/smartcar_msgs/include/smartcar_msgs/smartcar_msgs/msg/detail
[1.563s] -- Installing: /home/harm10/ros2_smartcar_ws/install/smartcar_msgs/include/smartcar_msgs/smartcar_msgs/msg/detail/status__rosidl_typesupport_fastrtps_c.h
[1.563s] -- Installing: /home/harm10/ros2_smartcar_ws/install/smartcar_msgs/include/smartcar_msgs/smartcar_msgs/msg/rosidl_typesupport_fastrtps_c__visibility_control.h
[1.563s] -- Installing: /home/harm10/ros2_smartcar_ws/install/smartcar_msgs/lib/libsmartcar_msgs__rosidl_typesupport_fastrtps_c.so
[1.563s] -- Set runtime path of "/home/harm10/ros2_smartcar_ws/install/smartcar_msgs/lib/libsmartcar_msgs__rosidl_typesupport_fastrtps_c.so" to ""
[1.563s] -- Up-to-date: /home/harm10/ros2_smartcar_ws/install/smartcar_msgs/include/smartcar_msgs/smartcar_msgs
[1.563s] -- Up-to-date: /home/harm10/ros2_smartcar_ws/install/smartcar_msgs/include/smartcar_msgs/smartcar_msgs/msg
[1.564s] -- Up-to-date: /home/harm10/ros2_smartcar_ws/install/smartcar_msgs/include/smartcar_msgs/smartcar_msgs/msg/detail
[1.564s] -- Installing: /home/harm10/ros2_smartcar_ws/install/smartcar_msgs/include/smartcar_msgs/smartcar_msgs/msg/detail/status__struct.hpp
[1.564s] -- Installing: /home/harm10/ros2_smartcar_ws/install/smartcar_msgs/include/smartcar_msgs/smartcar_msgs/msg/detail/status__type_support.hpp
[1.564s] -- Installing: /home/harm10/ros2_smartcar_ws/install/smartcar_msgs/include/smartcar_msgs/smartcar_msgs/msg/detail/status__traits.hpp
[1.564s] -- Installing: /home/harm10/ros2_smartcar_ws/install/smartcar_msgs/include/smartcar_msgs/smartcar_msgs/msg/detail/status__builder.hpp
[1.564s] -- Installing: /home/harm10/ros2_smartcar_ws/install/smartcar_msgs/include/smartcar_msgs/smartcar_msgs/msg/status.hpp
[1.564s] -- Installing: /home/harm10/ros2_smartcar_ws/install/smartcar_msgs/include/smartcar_msgs/smartcar_msgs/msg/rosidl_generator_cpp__visibility_control.hpp
[1.564s] -- Up-to-date: /home/harm10/ros2_smartcar_ws/install/smartcar_msgs/include/smartcar_msgs/smartcar_msgs
[1.564s] -- Up-to-date: /home/harm10/ros2_smartcar_ws/install/smartcar_msgs/include/smartcar_msgs/smartcar_msgs/msg
[1.564s] -- Up-to-date: /home/harm10/ros2_smartcar_ws/install/smartcar_msgs/include/smartcar_msgs/smartcar_msgs/msg/detail
[1.565s] -- Installing: /home/harm10/ros2_smartcar_ws/install/smartcar_msgs/include/smartcar_msgs/smartcar_msgs/msg/detail/dds_fastrtps
[1.565s] -- Installing: /home/harm10/ros2_smartcar_ws/install/smartcar_msgs/include/smartcar_msgs/smartcar_msgs/msg/detail/status__rosidl_typesupport_fastrtps_cpp.hpp
[1.565s] -- Installing: /home/harm10/ros2_smartcar_ws/install/smartcar_msgs/include/smartcar_msgs/smartcar_msgs/msg/rosidl_typesupport_fastrtps_cpp__visibility_control.h
[1.565s] -- Installing: /home/harm10/ros2_smartcar_ws/install/smartcar_msgs/lib/libsmartcar_msgs__rosidl_typesupport_fastrtps_cpp.so
[1.565s] -- Set runtime path of "/home/harm10/ros2_smartcar_ws/install/smartcar_msgs/lib/libsmartcar_msgs__rosidl_typesupport_fastrtps_cpp.so" to ""
[1.565s] -- Up-to-date: /home/harm10/ros2_smartcar_ws/install/smartcar_msgs/include/smartcar_msgs/smartcar_msgs
[1.565s] -- Up-to-date: /home/harm10/ros2_smartcar_ws/install/smartcar_msgs/include/smartcar_msgs/smartcar_msgs/msg
[1.565s] -- Up-to-date: /home/harm10/ros2_smartcar_ws/install/smartcar_msgs/include/smartcar_msgs/smartcar_msgs/msg/detail
[1.565s] -- Installing: /home/harm10/ros2_smartcar_ws/install/smartcar_msgs/include/smartcar_msgs/smartcar_msgs/msg/detail/status__type_support.c
[1.566s] -- Installing: /home/harm10/ros2_smartcar_ws/install/smartcar_msgs/include/smartcar_msgs/smartcar_msgs/msg/detail/status__rosidl_typesupport_introspection_c.h
[1.566s] -- Installing: /home/harm10/ros2_smartcar_ws/install/smartcar_msgs/include/smartcar_msgs/smartcar_msgs/msg/rosidl_typesupport_introspection_c__visibility_control.h
[1.566s] -- Installing: /home/harm10/ros2_smartcar_ws/install/smartcar_msgs/lib/libsmartcar_msgs__rosidl_typesupport_introspection_c.so
[1.566s] -- Set runtime path of "/home/harm10/ros2_smartcar_ws/install/smartcar_msgs/lib/libsmartcar_msgs__rosidl_typesupport_introspection_c.so" to ""
[1.566s] -- Installing: /home/harm10/ros2_smartcar_ws/install/smartcar_msgs/lib/libsmartcar_msgs__rosidl_typesupport_c.so
[1.567s] -- Set runtime path of "/home/harm10/ros2_smartcar_ws/install/smartcar_msgs/lib/libsmartcar_msgs__rosidl_typesupport_c.so" to ""
[1.567s] -- Up-to-date: /home/harm10/ros2_smartcar_ws/install/smartcar_msgs/include/smartcar_msgs/smartcar_msgs
[1.567s] -- Up-to-date: /home/harm10/ros2_smartcar_ws/install/smartcar_msgs/include/smartcar_msgs/smartcar_msgs/msg
[1.567s] -- Up-to-date: /home/harm10/ros2_smartcar_ws/install/smartcar_msgs/include/smartcar_msgs/smartcar_msgs/msg/detail
[1.567s] -- Installing: /home/harm10/ros2_smartcar_ws/install/smartcar_msgs/include/smartcar_msgs/smartcar_msgs/msg/detail/status__rosidl_typesupport_introspection_cpp.hpp
[1.567s] -- Installing: /home/harm10/ros2_smartcar_ws/install/smartcar_msgs/include/smartcar_msgs/smartcar_msgs/msg/detail/status__type_support.cpp
[1.567s] -- Installing: /home/harm10/ros2_smartcar_ws/install/smartcar_msgs/lib/libsmartcar_msgs__rosidl_typesupport_introspection_cpp.so
[1.567s] -- Set runtime path of "/home/harm10/ros2_smartcar_ws/install/smartcar_msgs/lib/libsmartcar_msgs__rosidl_typesupport_introspection_cpp.so" to ""
[1.567s] -- Installing: /home/harm10/ros2_smartcar_ws/install/smartcar_msgs/lib/libsmartcar_msgs__rosidl_typesupport_cpp.so
[1.568s] -- Set runtime path of "/home/harm10/ros2_smartcar_ws/install/smartcar_msgs/lib/libsmartcar_msgs__rosidl_typesupport_cpp.so" to ""
[1.568s] -- Installing: /home/harm10/ros2_smartcar_ws/install/smartcar_msgs/share/smartcar_msgs/environment/pythonpath.sh
[1.568s] -- Installing: /home/harm10/ros2_smartcar_ws/install/smartcar_msgs/share/smartcar_msgs/environment/pythonpath.dsv
[1.568s] -- Installing: /home/harm10/ros2_smartcar_ws/install/smartcar_msgs/local/lib/python3.10/dist-packages/smartcar_msgs-0.0.0-py3.10.egg-info
[1.569s] -- Installing: /home/harm10/ros2_smartcar_ws/install/smartcar_msgs/local/lib/python3.10/dist-packages/smartcar_msgs-0.0.0-py3.10.egg-info/SOURCES.txt
[1.569s] -- Installing: /home/harm10/ros2_smartcar_ws/install/smartcar_msgs/local/lib/python3.10/dist-packages/smartcar_msgs-0.0.0-py3.10.egg-info/top_level.txt
[1.569s] -- Installing: /home/harm10/ros2_smartcar_ws/install/smartcar_msgs/local/lib/python3.10/dist-packages/smartcar_msgs-0.0.0-py3.10.egg-info/dependency_links.txt
[1.569s] -- Installing: /home/harm10/ros2_smartcar_ws/install/smartcar_msgs/local/lib/python3.10/dist-packages/smartcar_msgs-0.0.0-py3.10.egg-info/PKG-INFO
[1.569s] -- Installing: /home/harm10/ros2_smartcar_ws/install/smartcar_msgs/local/lib/python3.10/dist-packages/smartcar_msgs
[1.569s] -- Installing: /home/harm10/ros2_smartcar_ws/install/smartcar_msgs/local/lib/python3.10/dist-packages/smartcar_msgs/_smartcar_msgs_s.ep.rosidl_typesupport_c.c
[1.569s] -- Installing: /home/harm10/ros2_smartcar_ws/install/smartcar_msgs/local/lib/python3.10/dist-packages/smartcar_msgs/_smartcar_msgs_s.ep.rosidl_typesupport_introspection_c.c
[1.569s] -- Installing: /home/harm10/ros2_smartcar_ws/install/smartcar_msgs/local/lib/python3.10/dist-packages/smartcar_msgs/smartcar_msgs_s__rosidl_typesupport_fastrtps_c.cpython-310-x86_64-linux-gnu.so
[1.570s] -- Installing: /home/harm10/ros2_smartcar_ws/install/smartcar_msgs/local/lib/python3.10/dist-packages/smartcar_msgs/__init__.py
[1.570s] -- Installing: /home/harm10/ros2_smartcar_ws/install/smartcar_msgs/local/lib/python3.10/dist-packages/smartcar_msgs/smartcar_msgs_s__rosidl_typesupport_introspection_c.cpython-310-x86_64-linux-gnu.so
[1.570s] -- Installing: /home/harm10/ros2_smartcar_ws/install/smartcar_msgs/local/lib/python3.10/dist-packages/smartcar_msgs/smartcar_msgs_s__rosidl_typesupport_c.cpython-310-x86_64-linux-gnu.so
[1.570s] -- Installing: /home/harm10/ros2_smartcar_ws/install/smartcar_msgs/local/lib/python3.10/dist-packages/smartcar_msgs/_smartcar_msgs_s.ep.rosidl_typesupport_fastrtps_c.c
[1.570s] -- Installing: /home/harm10/ros2_smartcar_ws/install/smartcar_msgs/local/lib/python3.10/dist-packages/smartcar_msgs/msg
[1.570s] -- Installing: /home/harm10/ros2_smartcar_ws/install/smartcar_msgs/local/lib/python3.10/dist-packages/smartcar_msgs/msg/__init__.py
[1.570s] -- Installing: /home/harm10/ros2_smartcar_ws/install/smartcar_msgs/local/lib/python3.10/dist-packages/smartcar_msgs/msg/_status.py
[1.570s] -- Installing: /home/harm10/ros2_smartcar_ws/install/smartcar_msgs/local/lib/python3.10/dist-packages/smartcar_msgs/msg/_status_s.c
[1.571s] -- Installing: /home/harm10/ros2_smartcar_ws/install/smartcar_msgs/local/lib/python3.10/dist-packages/smartcar_msgs/libsmartcar_msgs__rosidl_generator_py.so
[1.597s] Listing '/home/harm10/ros2_smartcar_ws/install/smartcar_msgs/local/lib/python3.10/dist-packages/smartcar_msgs'...
[1.597s] Compiling '/home/harm10/ros2_smartcar_ws/install/smartcar_msgs/local/lib/python3.10/dist-packages/smartcar_msgs/__init__.py'...
[1.597s] Listing '/home/harm10/ros2_smartcar_ws/install/smartcar_msgs/local/lib/python3.10/dist-packages/smartcar_msgs/msg'...
[1.597s] Compiling '/home/harm10/ros2_smartcar_ws/install/smartcar_msgs/local/lib/python3.10/dist-packages/smartcar_msgs/msg/__init__.py'...
[1.597s] Compiling '/home/harm10/ros2_smartcar_ws/install/smartcar_msgs/local/lib/python3.10/dist-packages/smartcar_msgs/msg/_status.py'...
[1.601s] -- Installing: /home/harm10/ros2_smartcar_ws/install/smartcar_msgs/local/lib/python3.10/dist-packages/smartcar_msgs/smartcar_msgs_s__rosidl_typesupport_fastrtps_c.cpython-310-x86_64-linux-gnu.so
[1.601s] -- Set runtime path of "/home/harm10/ros2_smartcar_ws/install/smartcar_msgs/local/lib/python3.10/dist-packages/smartcar_msgs/smartcar_msgs_s__rosidl_typesupport_fastrtps_c.cpython-310-x86_64-linux-gnu.so" to ""
[1.601s] -- Installing: /home/harm10/ros2_smartcar_ws/install/smartcar_msgs/local/lib/python3.10/dist-packages/smartcar_msgs/smartcar_msgs_s__rosidl_typesupport_introspection_c.cpython-310-x86_64-linux-gnu.so
[1.602s] -- Set runtime path of "/home/harm10/ros2_smartcar_ws/install/smartcar_msgs/local/lib/python3.10/dist-packages/smartcar_msgs/smartcar_msgs_s__rosidl_typesupport_introspection_c.cpython-310-x86_64-linux-gnu.so" to ""
[1.602s] -- Installing: /home/harm10/ros2_smartcar_ws/install/smartcar_msgs/local/lib/python3.10/dist-packages/smartcar_msgs/smartcar_msgs_s__rosidl_typesupport_c.cpython-310-x86_64-linux-gnu.so
[1.602s] -- Set runtime path of "/home/harm10/ros2_smartcar_ws/install/smartcar_msgs/local/lib/python3.10/dist-packages/smartcar_msgs/smartcar_msgs_s__rosidl_typesupport_c.cpython-310-x86_64-linux-gnu.so" to ""
[1.602s] -- Installing: /home/harm10/ros2_smartcar_ws/install/smartcar_msgs/lib/libsmartcar_msgs__rosidl_generator_py.so
[1.602s] -- Set runtime path of "/home/harm10/ros2_smartcar_ws/install/smartcar_msgs/lib/libsmartcar_msgs__rosidl_generator_py.so" to ""
[1.603s] -- Installing: /home/harm10/ros2_smartcar_ws/install/smartcar_msgs/share/smartcar_msgs/msg/Status.idl
[1.603s] -- Installing: /home/harm10/ros2_smartcar_ws/install/smartcar_msgs/share/smartcar_msgs/msg/Status.msg
[1.603s] -- Up-to-date: /home/harm10/ros2_smartcar_ws/install/smartcar_msgs/share/smartcar_msgs/msg
[1.603s] -- Up-to-date: /home/harm10/ros2_smartcar_ws/install/smartcar_msgs/share/smartcar_msgs/msg/Status.msg
[1.603s] -- Installing: /home/harm10/ros2_smartcar_ws/install/smartcar_msgs/share/ament_index/resource_index/package_run_dependencies/smartcar_msgs
[1.603s] -- Installing: /home/harm10/ros2_smartcar_ws/install/smartcar_msgs/share/ament_index/resource_index/parent_prefix_path/smartcar_msgs
[1.603s] -- Installing: /home/harm10/ros2_smartcar_ws/install/smartcar_msgs/share/smartcar_msgs/environment/ament_prefix_path.sh
[1.603s] -- Installing: /home/harm10/ros2_smartcar_ws/install/smartcar_msgs/share/smartcar_msgs/environment/ament_prefix_path.dsv
[1.604s] -- Installing: /home/harm10/ros2_smartcar_ws/install/smartcar_msgs/share/smartcar_msgs/environment/path.sh
[1.604s] -- Installing: /home/harm10/ros2_smartcar_ws/install/smartcar_msgs/share/smartcar_msgs/environment/path.dsv
[1.604s] -- Installing: /home/harm10/ros2_smartcar_ws/install/smartcar_msgs/share/smartcar_msgs/local_setup.bash
[1.604s] -- Installing: /home/harm10/ros2_smartcar_ws/install/smartcar_msgs/share/smartcar_msgs/local_setup.sh
[1.604s] -- Installing: /home/harm10/ros2_smartcar_ws/install/smartcar_msgs/share/smartcar_msgs/local_setup.zsh
[1.604s] -- Installing: /home/harm10/ros2_smartcar_ws/install/smartcar_msgs/share/smartcar_msgs/local_setup.dsv
[1.604s] -- Installing: /home/harm10/ros2_smartcar_ws/install/smartcar_msgs/share/smartcar_msgs/package.dsv
[1.605s] -- Installing: /home/harm10/ros2_smartcar_ws/install/smartcar_msgs/share/ament_index/resource_index/packages/smartcar_msgs
[1.605s] -- Installing: /home/harm10/ros2_smartcar_ws/install/smartcar_msgs/share/smartcar_msgs/cmake/export_smartcar_msgs__rosidl_generator_cExport.cmake
[1.605s] -- Installing: /home/harm10/ros2_smartcar_ws/install/smartcar_msgs/share/smartcar_msgs/cmake/export_smartcar_msgs__rosidl_generator_cExport-noconfig.cmake
[1.605s] -- Installing: /home/harm10/ros2_smartcar_ws/install/smartcar_msgs/share/smartcar_msgs/cmake/export_smartcar_msgs__rosidl_typesupport_fastrtps_cExport.cmake
[1.605s] -- Installing: /home/harm10/ros2_smartcar_ws/install/smartcar_msgs/share/smartcar_msgs/cmake/export_smartcar_msgs__rosidl_typesupport_fastrtps_cExport-noconfig.cmake
[1.605s] -- Installing: /home/harm10/ros2_smartcar_ws/install/smartcar_msgs/share/smartcar_msgs/cmake/export_smartcar_msgs__rosidl_generator_cppExport.cmake
[1.606s] -- Installing: /home/harm10/ros2_smartcar_ws/install/smartcar_msgs/share/smartcar_msgs/cmake/export_smartcar_msgs__rosidl_typesupport_fastrtps_cppExport.cmake
[1.606s] -- Installing: /home/harm10/ros2_smartcar_ws/install/smartcar_msgs/share/smartcar_msgs/cmake/export_smartcar_msgs__rosidl_typesupport_fastrtps_cppExport-noconfig.cmake
[1.606s] -- Installing: /home/harm10/ros2_smartcar_ws/install/smartcar_msgs/share/smartcar_msgs/cmake/smartcar_msgs__rosidl_typesupport_introspection_cExport.cmake
[1.606s] -- Installing: /home/harm10/ros2_smartcar_ws/install/smartcar_msgs/share/smartcar_msgs/cmake/smartcar_msgs__rosidl_typesupport_introspection_cExport-noconfig.cmake
[1.606s] -- Installing: /home/harm10/ros2_smartcar_ws/install/smartcar_msgs/share/smartcar_msgs/cmake/smartcar_msgs__rosidl_typesupport_cExport.cmake
[1.606s] -- Installing: /home/harm10/ros2_smartcar_ws/install/smartcar_msgs/share/smartcar_msgs/cmake/smartcar_msgs__rosidl_typesupport_cExport-noconfig.cmake
[1.607s] -- Installing: /home/harm10/ros2_smartcar_ws/install/smartcar_msgs/share/smartcar_msgs/cmake/smartcar_msgs__rosidl_typesupport_introspection_cppExport.cmake
[1.607s] -- Installing: /home/harm10/ros2_smartcar_ws/install/smartcar_msgs/share/smartcar_msgs/cmake/smartcar_msgs__rosidl_typesupport_introspection_cppExport-noconfig.cmake
[1.607s] -- Installing: /home/harm10/ros2_smartcar_ws/install/smartcar_msgs/share/smartcar_msgs/cmake/smartcar_msgs__rosidl_typesupport_cppExport.cmake
[1.607s] -- Installing: /home/harm10/ros2_smartcar_ws/install/smartcar_msgs/share/smartcar_msgs/cmake/smartcar_msgs__rosidl_typesupport_cppExport-noconfig.cmake
[1.607s] -- Installing: /home/harm10/ros2_smartcar_ws/install/smartcar_msgs/share/smartcar_msgs/cmake/export_smartcar_msgs__rosidl_generator_pyExport.cmake
[1.607s] -- Installing: /home/harm10/ros2_smartcar_ws/install/smartcar_msgs/share/smartcar_msgs/cmake/export_smartcar_msgs__rosidl_generator_pyExport-noconfig.cmake
[1.607s] -- Installing: /home/harm10/ros2_smartcar_ws/install/smartcar_msgs/share/smartcar_msgs/cmake/rosidl_cmake-extras.cmake
[1.608s] -- Installing: /home/harm10/ros2_smartcar_ws/install/smartcar_msgs/share/smartcar_msgs/cmake/ament_cmake_export_dependencies-extras.cmake
[1.608s] -- Installing: /home/harm10/ros2_smartcar_ws/install/smartcar_msgs/share/smartcar_msgs/cmake/ament_cmake_export_include_directories-extras.cmake
[1.608s] -- Installing: /home/harm10/ros2_smartcar_ws/install/smartcar_msgs/share/smartcar_msgs/cmake/ament_cmake_export_libraries-extras.cmake
[1.608s] -- Installing: /home/harm10/ros2_smartcar_ws/install/smartcar_msgs/share/smartcar_msgs/cmake/ament_cmake_export_targets-extras.cmake
[1.608s] -- Installing: /home/harm10/ros2_smartcar_ws/install/smartcar_msgs/share/smartcar_msgs/cmake/rosidl_cmake_export_typesupport_targets-extras.cmake
[1.608s] -- Installing: /home/harm10/ros2_smartcar_ws/install/smartcar_msgs/share/smartcar_msgs/cmake/rosidl_cmake_export_typesupport_libraries-extras.cmake
[1.609s] -- Installing: /home/harm10/ros2_smartcar_ws/install/smartcar_msgs/share/smartcar_msgs/cmake/smartcar_msgsConfig.cmake
[1.609s] -- Installing: /home/harm10/ros2_smartcar_ws/install/smartcar_msgs/share/smartcar_msgs/cmake/smartcar_msgsConfig-version.cmake
[1.609s] -- Installing: /home/harm10/ros2_smartcar_ws/install/smartcar_msgs/share/smartcar_msgs/package.xml
[1.612s] Invoked command in '/home/harm10/ros2_smartcar_ws/build/smartcar_msgs' returned '0': CMAKE_PREFIX_PATH=${CMAKE_PREFIX_PATH}:/opt/ros/humble /usr/bin/cmake --install /home/harm10/ros2_smartcar_ws/build/smartcar_msgs
