-- The C compiler identification is GNU 11.4.0
-- The CXX compiler identification is GNU 11.4.0
-- Detecting C compiler ABI info
-- Detecting C compiler ABI info - done
-- Check for working C compiler: /usr/bin/cc - skipped
-- Detecting C compile features
-- Detecting C compile features - done
-- Detecting CXX compiler ABI info
-- Detecting CXX compiler ABI info - done
-- Check for working CXX compiler: /usr/bin/c++ - skipped
-- Detecting CXX compile features
-- Detecting CXX compile features - done
-- Found ament_cmake: 1.3.11 (/opt/ros/humble/share/ament_cmake/cmake)
-- Found Python3: /usr/bin/python3 (found version "3.10.12") found components: Interpreter 
-- Found rclcpp: 16.0.11 (/opt/ros/humble/share/rclcpp/cmake)
-- Found rosidl_generator_c: 3.1.6 (/opt/ros/humble/share/rosidl_generator_c/cmake)
-- Found rosidl_adapter: 3.1.6 (/opt/ros/humble/share/rosidl_adapter/cmake)
-- Found rosidl_generator_cpp: 3.1.6 (/opt/ros/humble/share/rosidl_generator_cpp/cmake)
-- Using all available rosidl_typesupport_c: rosidl_typesupport_fastrtps_c;rosidl_typesupport_introspection_c
-- Using all available rosidl_typesupport_cpp: rosidl_typesupport_fastrtps_cpp;rosidl_typesupport_introspection_cpp
-- Found rmw_implementation_cmake: 6.1.2 (/opt/ros/humble/share/rmw_implementation_cmake/cmake)
-- Found rmw_fastrtps_cpp: 6.2.7 (/opt/ros/humble/share/rmw_fastrtps_cpp/cmake)
-- Found OpenSSL: /usr/lib/x86_64-linux-gnu/libcrypto.so (found version "3.0.2")  
-- Found FastRTPS: /opt/ros/humble/include  
-- Using RMW implementation 'rmw_fastrtps_cpp' as default
-- Looking for pthread.h
-- Looking for pthread.h - found
-- Performing Test CMAKE_HAVE_LIBC_PTHREAD
-- Performing Test CMAKE_HAVE_LIBC_PTHREAD - Success
-- Found Threads: TRUE  
-- Found rclpy: 3.3.15 (/opt/ros/humble/share/rclpy/cmake)
-- Found xacro: 2.0.8 (/opt/ros/humble/share/xacro/cmake)
-- Found ament_lint_auto: 0.12.11 (/opt/ros/humble/share/ament_lint_auto/cmake)
-- Added test 'flake8' to check Python code syntax and style conventions
-- Added test 'lint_cmake' to check CMake code style
-- Added test 'pep257' to check Python code against some of the docstring style conventions in PEP 257
-- Added test 'xmllint' to check XML markup files
-- Configuring done
-- Generating done
-- Build files have been written to: /home/harm10/ros2_smartcar_ws/build/smart_car
Built target ament_cmake_python_copy_smart_car
running egg_info
creating smart_car.egg-info
writing smart_car.egg-info/PKG-INFO
writing dependency_links to smart_car.egg-info/dependency_links.txt
writing top-level names to smart_car.egg-info/top_level.txt
writing manifest file 'smart_car.egg-info/SOURCES.txt'
reading manifest file 'smart_car.egg-info/SOURCES.txt'
writing manifest file 'smart_car.egg-info/SOURCES.txt'
Built target ament_cmake_python_build_smart_car_egg
-- Install configuration: ""
-- Installing: /home/harm10/ros2_smartcar_ws/install/smart_car/share/smart_car/urdf
-- Installing: /home/harm10/ros2_smartcar_ws/install/smart_car/share/smart_car/urdf/smartcar.urdf
-- Installing: /home/harm10/ros2_smartcar_ws/install/smart_car/share/smart_car/urdf/smartcar.urdf.xacro
-- Installing: /home/harm10/ros2_smartcar_ws/install/smart_car/share/smart_car/launch
-- Installing: /home/harm10/ros2_smartcar_ws/install/smart_car/share/smart_car/launch/localization.launch.py
-- Installing: /home/harm10/ros2_smartcar_ws/install/smart_car/share/smart_car/launch/format.py
-- Installing: /home/harm10/ros2_smartcar_ws/install/smart_car/share/smart_car/launch/smartcar.launch.py
-- Installing: /home/harm10/ros2_smartcar_ws/install/smart_car/share/smart_car/launch/nav2.launch.py
-- Installing: /home/harm10/ros2_smartcar_ws/install/smart_car/share/smart_car/launch/gazebo.launch.py
-- Installing: /home/harm10/ros2_smartcar_ws/install/smart_car/share/smart_car/launch/__pycache__
-- Installing: /home/harm10/ros2_smartcar_ws/install/smart_car/share/smart_car/launch/__pycache__/smartcar.launch.cpython-310.pyc
[31mCMake Error at cmake_install.cmake:46 (file):
  file INSTALL cannot find
  "/home/harm10/ros2_smartcar_ws/src/smart_car/config": No such file or
  directory.

[0m
