-- Found ament_cmake: 1.3.10 (/opt/ros/humble/share/ament_cmake/cmake)
-- Found rclcpp: 16.0.10 (/opt/ros/humble/share/rclcpp/cmake)
-- Found rosidl_generator_c: 3.1.5 (/opt/ros/humble/share/rosidl_generator_c/cmake)
-- Found rosidl_adapter: 3.1.5 (/opt/ros/humble/share/rosidl_adapter/cmake)
-- Found rosidl_generator_cpp: 3.1.5 (/opt/ros/humble/share/rosidl_generator_cpp/cmake)
-- Using all available rosidl_typesupport_c: rosidl_typesupport_fastrtps_c;rosidl_typesupport_introspection_c
-- Using all available rosidl_typesupport_cpp: rosidl_typesupport_fastrtps_cpp;rosidl_typesupport_introspection_cpp
-- Found rmw_implementation_cmake: 6.1.2 (/opt/ros/humble/share/rmw_implementation_cmake/cmake)
-- Found rmw_cyclonedds_cpp: 1.3.4 (/opt/ros/humble/share/rmw_cyclonedds_cpp/cmake)
-- Using RMW implementation 'rmw_cyclonedds_cpp' as default
-- Found rclpy: 3.3.14 (/opt/ros/humble/share/rclpy/cmake)
-- Found xacro: 2.0.8 (/opt/ros/humble/share/xacro/cmake)
-- Found ament_lint_auto: 0.12.11 (/opt/ros/humble/share/ament_lint_auto/cmake)
-- Added test 'flake8' to check Python code syntax and style conventions
-- Added test 'lint_cmake' to check CMake code style
-- Added test 'pep257' to check Python code against some of the docstring style conventions in PEP 257
-- Added test 'xmllint' to check XML markup files
-- Configuring done
-- Generating done
-- Build files have been written to: /home/ros2/ros2_ws/build/smart_car
Built target ament_cmake_python_copy_smart_car
running egg_info
writing smart_car.egg-info/PKG-INFO
writing dependency_links to smart_car.egg-info/dependency_links.txt
writing top-level names to smart_car.egg-info/top_level.txt
reading manifest file 'smart_car.egg-info/SOURCES.txt'
writing manifest file 'smart_car.egg-info/SOURCES.txt'
Built target ament_cmake_python_build_smart_car_egg
-- Install configuration: ""
-- Up-to-date: /home/ros2/ros2_ws/install/smart_car/share/smart_car/urdf
-- Up-to-date: /home/ros2/ros2_ws/install/smart_car/share/smart_car/urdf/smartcar.urdf.xacro
-- Up-to-date: /home/ros2/ros2_ws/install/smart_car/share/smart_car/urdf/smartcar.urdf
-- Up-to-date: /home/ros2/ros2_ws/install/smart_car/share/smart_car/launch
-- Up-to-date: /home/ros2/ros2_ws/install/smart_car/share/smart_car/launch/gazebo.launch.py
-- Up-to-date: /home/ros2/ros2_ws/install/smart_car/share/smart_car/launch/display.launch.py
-- Up-to-date: /home/ros2/ros2_ws/install/smart_car/share/smart_car/environment/pythonpath.sh
-- Installing: /home/ros2/ros2_ws/install/smart_car/share/smart_car/environment/pythonpath.dsv
-- Up-to-date: /home/ros2/ros2_ws/install/smart_car/local/lib/python3.10/dist-packages/smart_car-0.0.0-py3.10.egg-info
-- Installing: /home/ros2/ros2_ws/install/smart_car/local/lib/python3.10/dist-packages/smart_car-0.0.0-py3.10.egg-info/SOURCES.txt
-- Installing: /home/ros2/ros2_ws/install/smart_car/local/lib/python3.10/dist-packages/smart_car-0.0.0-py3.10.egg-info/PKG-INFO
-- Installing: /home/ros2/ros2_ws/install/smart_car/local/lib/python3.10/dist-packages/smart_car-0.0.0-py3.10.egg-info/top_level.txt
-- Installing: /home/ros2/ros2_ws/install/smart_car/local/lib/python3.10/dist-packages/smart_car-0.0.0-py3.10.egg-info/dependency_links.txt
-- Up-to-date: /home/ros2/ros2_ws/install/smart_car/local/lib/python3.10/dist-packages/smart_car
-- Up-to-date: /home/ros2/ros2_ws/install/smart_car/local/lib/python3.10/dist-packages/smart_car/__init__.py
Listing '/home/ros2/ros2_ws/install/smart_car/local/lib/python3.10/dist-packages/smart_car'...
-- Up-to-date: /home/ros2/ros2_ws/install/smart_car/share/ament_index/resource_index/package_run_dependencies/smart_car
-- Installing: /home/ros2/ros2_ws/install/smart_car/share/ament_index/resource_index/parent_prefix_path/smart_car
-- Up-to-date: /home/ros2/ros2_ws/install/smart_car/share/smart_car/environment/ament_prefix_path.sh
-- Installing: /home/ros2/ros2_ws/install/smart_car/share/smart_car/environment/ament_prefix_path.dsv
-- Up-to-date: /home/ros2/ros2_ws/install/smart_car/share/smart_car/environment/path.sh
-- Installing: /home/ros2/ros2_ws/install/smart_car/share/smart_car/environment/path.dsv
-- Up-to-date: /home/ros2/ros2_ws/install/smart_car/share/smart_car/local_setup.bash
-- Installing: /home/ros2/ros2_ws/install/smart_car/share/smart_car/local_setup.sh
-- Up-to-date: /home/ros2/ros2_ws/install/smart_car/share/smart_car/local_setup.zsh
-- Installing: /home/ros2/ros2_ws/install/smart_car/share/smart_car/local_setup.dsv
-- Installing: /home/ros2/ros2_ws/install/smart_car/share/smart_car/package.dsv
-- Up-to-date: /home/ros2/ros2_ws/install/smart_car/share/ament_index/resource_index/packages/smart_car
-- Up-to-date: /home/ros2/ros2_ws/install/smart_car/share/smart_car/cmake/smart_carConfig.cmake
-- Up-to-date: /home/ros2/ros2_ws/install/smart_car/share/smart_car/cmake/smart_carConfig-version.cmake
-- Up-to-date: /home/ros2/ros2_ws/install/smart_car/share/smart_car/package.xml
